{"name": "Заказ через клик по кнопке 'Заказать' в шапке страницы, проверить, что появилось всплывающее окно с сообщением об успешном создании заказа", "status": "broken", "statusDetails": {"message": "selenium.common.exceptions.TimeoutException: Message: Элемент не стал видимым: ('xpath', \".//div[text()='Заказ оформлен']\")\nStacktrace:\n\tGetHandleVerifier [0x010A6EE3+174339]\n\t(No symbol) [0x00FD0A51]\n\t(No symbol) [0x00CE6FF6]\n\t(No symbol) [0x00D19876]\n\t(No symbol) [0x00D19C2C]\n\t(No symbol) [0x00D4BD42]\n\t(No symbol) [0x00D37054]\n\t(No symbol) [0x00D4A104]\n\t(No symbol) [0x00D36DA6]\n\t(No symbol) [0x00D11034]\n\t(No symbol) [0x00D11F8D]\n\tGetHandleVerifier [0x01144B1C+820540]\n\tsqlite3_dbdata_init [0x012053EE+653550]\n\tsqlite3_dbdata_init [0x01204E09+652041]\n\tsqlite3_dbdata_init [0x011F97CC+605388]\n\tsqlite3_dbdata_init [0x01205D9B+656027]\n\t(No symbol) [0x00FDFE6C]\n\t(No symbol) [0x00FD83B8]\n\t(No symbol) [0x00FD84DD]\n\t(No symbol) [0x00FC5818]\n\tBaseThreadInitThunk [0x75967BA9+25]\n\tRtlInitializeExceptionChain [0x77D3BD2B+107]\n\tRtlClearBits [0x77D3BCAF+191]", "trace": "self = <test.test_order_page.TestOrderYandexScooter object at 0x0000020059BF8C50>\ndriver = <selenium.webdriver.chrome.webdriver.WebDriver (session=\"ff9041a408dbdea74ab2056f9947af8d\")>, name = 'Иван', second_name = 'Иванов', address = 'Московская 5'\nphone = '89050655488', times = '25.12.2023', comment = 'Подъезд 5'\n\n    @allure.title(\n        \"Заказ через клик по кнопке 'Заказать' в шапке страницы, проверить, что появилось всплывающее окно с сообщением об успешном создании заказа\")\n    @pytest.mark.parametrize(\"name,second_name,address,phone,times,comment\",\n                             [('Иван', 'Иванов', 'Московская 5', '89050655488', '25.12.2023', 'Подъезд 5'), ],\n                             ids=[\"Positive test\"])\n    def test_order_yandex_scooter_via_the_site_header_button(\n            self, driver, name, second_name, address, phone, times, comment):\n        page = MainPageHelper(driver)\n        page.open_page_close_cookie_click_order_from_header_main_page()\n        order_page = OrderPageHelper(driver)\n        order_page.adding_data_to_fields_who_is_the_scooter_for(name, second_name, address, phone)\n        order_page.adding_data_to_about_rent(times, comment)\n>       assert order_page.is_order_confirmation_message_displayed(), \"Текст 'Заказ оформлен' не найден\"\n\ntest\\test_order_page.py:21: \n_ _ _ _ _ _ _ _ _ _ _ _ _ _ _ _ _ _ _ _ _ _ _ _ _ _ _ _ _ _ _ _ _ _ _ _ _ _ _ _ _ _ _ _ _ _ _ _ _ _ _ _ _ _ _ _ _ _ _ _ _ _ _ _ _ _ _ _ _ _ _ _ _ _ _ _ _ _ _ _ _ _ _ _ _ _ _ _ _ _\npages\\order_page.py:66: in is_order_confirmation_message_displayed\n    confirmation_message = self.wait_for_visibility(OrderPageLocators.FORM_ORDER_IS_PROCESSED)\npages\\base_page.py:49: in wait_for_visibility\n    element = WebDriverWait(self.driver, wait_time).until(\n_ _ _ _ _ _ _ _ _ _ _ _ _ _ _ _ _ _ _ _ _ _ _ _ _ _ _ _ _ _ _ _ _ _ _ _ _ _ _ _ _ _ _ _ _ _ _ _ _ _ _ _ _ _ _ _ _ _ _ _ _ _ _ _ _ _ _ _ _ _ _ _ _ _ _ _ _ _ _ _ _ _ _ _ _ _ _ _ _ _\n\nself = <selenium.webdriver.support.wait.WebDriverWait (session=\"ff9041a408dbdea74ab2056f9947af8d\")>\nmethod = <function visibility_of_element_located.<locals>._predicate at 0x0000020059CB14E0>, message = 'Элемент не стал видимым: (\\'xpath\\', \".//div[text()=\\'Заказ оформлен\\']\")'\n\n    def until(self, method: Callable[[D], Union[Literal[False], T]], message: str = \"\") -> T:\n        \"\"\"Calls the method provided with the driver as an argument until the \\\n        return value does not evaluate to ``False``.\n    \n        :param method: callable(WebDriver)\n        :param message: optional message for :exc:`TimeoutException`\n        :returns: the result of the last call to `method`\n        :raises: :exc:`selenium.common.exceptions.TimeoutException` if timeout occurs\n        \"\"\"\n        screen = None\n        stacktrace = None\n    \n        end_time = time.monotonic() + self._timeout\n        while True:\n            try:\n                value = method(self._driver)\n                if value:\n                    return value\n            except self._ignored_exceptions as exc:\n                screen = getattr(exc, \"screen\", None)\n                stacktrace = getattr(exc, \"stacktrace\", None)\n            time.sleep(self._poll)\n            if time.monotonic() > end_time:\n                break\n>       raise TimeoutException(message, screen, stacktrace)\nE       selenium.common.exceptions.TimeoutException: Message: Элемент не стал видимым: ('xpath', \".//div[text()='Заказ оформлен']\")\nE       Stacktrace:\nE       \tGetHandleVerifier [0x010A6EE3+174339]\nE       \t(No symbol) [0x00FD0A51]\nE       \t(No symbol) [0x00CE6FF6]\nE       \t(No symbol) [0x00D19876]\nE       \t(No symbol) [0x00D19C2C]\nE       \t(No symbol) [0x00D4BD42]\nE       \t(No symbol) [0x00D37054]\nE       \t(No symbol) [0x00D4A104]\nE       \t(No symbol) [0x00D36DA6]\nE       \t(No symbol) [0x00D11034]\nE       \t(No symbol) [0x00D11F8D]\nE       \tGetHandleVerifier [0x01144B1C+820540]\nE       \tsqlite3_dbdata_init [0x012053EE+653550]\nE       \tsqlite3_dbdata_init [0x01204E09+652041]\nE       \tsqlite3_dbdata_init [0x011F97CC+605388]\nE       \tsqlite3_dbdata_init [0x01205D9B+656027]\nE       \t(No symbol) [0x00FDFE6C]\nE       \t(No symbol) [0x00FD83B8]\nE       \t(No symbol) [0x00FD84DD]\nE       \t(No symbol) [0x00FC5818]\nE       \tBaseThreadInitThunk [0x75967BA9+25]\nE       \tRtlInitializeExceptionChain [0x77D3BD2B+107]\nE       \tRtlClearBits [0x77D3BCAF+191]\n\nvenv\\Lib\\site-packages\\selenium\\webdriver\\support\\wait.py:105: TimeoutException"}, "steps": [{"name": "Инициируем создание объекта класса BasePage", "status": "passed", "parameters": [{"name": "driver", "value": "<selenium.webdriver.chrome.webdriver.WebDriver (session=\"ff9041a408dbdea74ab2056f9947af8d\")>"}], "start": 1703322370943, "stop": 1703322370943}, {"name": "Открыть главную страницу, закрыть куки, в основной части странице на главной странице", "status": "passed", "steps": [{"name": "Открыть страницу", "status": "passed", "start": 1703322370943, "stop": 1703322371935}, {"name": "Закрыть куки", "status": "passed", "start": 1703322371935, "stop": 1703322371988}, {"name": "Клик по кнопке 'Заказать' в основной части странице на главной странице", "status": "passed", "steps": [{"name": "Ожидание кликабельного элемента", "status": "passed", "parameters": [{"name": "locator", "value": "('xpath', \".//div[@class='Home_FinishButton__1_cWm']/button[text()='Заказать']\")"}, {"name": "wait_time", "value": "10"}], "start": 1703322371988, "stop": 1703322372016}], "start": 1703322371988, "stop": 1703322372049}], "start": 1703322370943, "stop": 1703322372049}, {"name": "Инициируем создание объекта класса BasePage", "status": "passed", "parameters": [{"name": "driver", "value": "<selenium.webdriver.chrome.webdriver.WebDriver (session=\"ff9041a408dbdea74ab2056f9947af8d\")>"}], "start": 1703322372049, "stop": 1703322372049}, {"name": "Заполнение полей формы 'Для кого самокат'", "status": "passed", "steps": [{"name": "Ожидание кликабельного элемента", "status": "passed", "parameters": [{"name": "locator", "value": "('xpath', \".//input[@placeholder='* Имя']\")"}, {"name": "wait_time", "value": "10"}], "start": 1703322372049, "stop": 1703322372074}, {"name": "Ожидание кликабельного элемента", "status": "passed", "parameters": [{"name": "locator", "value": "('xpath', \".//input[@placeholder='* Фамилия']\")"}, {"name": "wait_time", "value": "10"}], "start": 1703322372123, "stop": 1703322372140}, {"name": "Ожидание кликабельного элемента", "status": "passed", "parameters": [{"name": "locator", "value": "('xpath', \".//input[@placeholder='* Адрес: куда привезти заказ']\")"}, {"name": "wait_time", "value": "10"}], "start": 1703322372184, "stop": 1703322372211}, {"name": "Ожидание кликабельного элемента", "status": "passed", "parameters": [{"name": "locator", "value": "('xpath', \".//input[@placeholder='* Станция метро']\")"}, {"name": "wait_time", "value": "10"}], "start": 1703322372254, "stop": 1703322372280}, {"name": "Ожидание кликабельного элемента", "status": "passed", "parameters": [{"name": "locator", "value": "('xpath', \".//li[@data-value='1']\")"}, {"name": "wait_time", "value": "10"}], "start": 1703322372327, "stop": 1703322372362}, {"name": "Ожидание кликабельного элемента", "status": "passed", "parameters": [{"name": "locator", "value": "('xpath', \".//input[@placeholder='* Телефон: на него позвонит курьер']\")"}, {"name": "wait_time", "value": "10"}], "start": 1703322372397, "stop": 1703322372429}, {"name": "Ожидание кликабельного элемента", "status": "passed", "parameters": [{"name": "locator", "value": "('xpath', \".//button[text()='Далее']\")"}, {"name": "wait_time", "value": "10"}], "start": 1703322372461, "stop": 1703322372491}], "parameters": [{"name": "name", "value": "'Иван'"}, {"name": "second_name", "value": "'Иванов'"}, {"name": "address", "value": "'Московская 5'"}, {"name": "phone", "value": "'89050655488'"}], "start": 1703322372049, "stop": 1703322372525}, {"name": "Заполнение полей формы 'Для кого самокат'", "status": "passed", "steps": [{"name": "Ожидание кликабельного элемента", "status": "passed", "parameters": [{"name": "locator", "value": "('xpath', \".//input[@placeholder='* Когда привезти самокат']\")"}, {"name": "wait_time", "value": "10"}], "start": 1703322372525, "stop": 1703322372557}, {"name": "Ожидание кликабельного элемента", "status": "passed", "parameters": [{"name": "locator", "value": "('xpath', \"//div[contains(@class, 'react-datepicker__day--selected') and text()='25']\")"}, {"name": "wait_time", "value": "10"}], "start": 1703322372656, "stop": 1703322372676}, {"name": "Ожидание кликабельного элемента", "status": "passed", "parameters": [{"name": "locator", "value": "('xpath', \".//div[text()='* Срок аренды']\")"}, {"name": "wait_time", "value": "10"}], "start": 1703322372714, "stop": 1703322372741}, {"name": "Ожидание кликабельного элемента", "status": "passed", "parameters": [{"name": "locator", "value": "('xpath', \".//div[text()='сутки']\")"}, {"name": "wait_time", "value": "10"}], "start": 1703322372757, "stop": 1703322372792}, {"name": "Ожидание кликабельного элемента", "status": "passed", "parameters": [{"name": "locator", "value": "('xpath', \".//label[@for='black']\")"}, {"name": "wait_time", "value": "10"}], "start": 1703322372810, "stop": 1703322372839}, {"name": "Ожидание кликабельного элемента", "status": "passed", "parameters": [{"name": "locator", "value": "('xpath', \".//input[@placeholder='Комментарий для курьера']\")"}, {"name": "wait_time", "value": "10"}], "start": 1703322372857, "stop": 1703322372893}], "parameters": [{"name": "times", "value": "'25.12.2023'"}, {"name": "comment", "value": "'Подъезд 5'"}], "start": 1703322372525, "stop": 1703322372930}, {"name": "Клик по кнопке 'Заказать' формы Заказа, Клик по кнопке Да формы хотите оформить заказ? и ожидание видимостиэлемента с сообщением 'Заказ оформлен'", "status": "broken", "statusDetails": {"message": "selenium.common.exceptions.TimeoutException: Message: Элемент не стал видимым: ('xpath', \".//div[text()='Заказ оформлен']\")\nStacktrace:\n\tGetHandleVerifier [0x010A6EE3+174339]\n\t(No symbol) [0x00FD0A51]\n\t(No symbol) [0x00CE6FF6]\n\t(No symbol) [0x00D19876]\n\t(No symbol) [0x00D19C2C]\n\t(No symbol) [0x00D4BD42]\n\t(No symbol) [0x00D37054]\n\t(No symbol) [0x00D4A104]\n\t(No symbol) [0x00D36DA6]\n\t(No symbol) [0x00D11034]\n\t(No symbol) [0x00D11F8D]\n\tGetHandleVerifier [0x01144B1C+820540]\n\tsqlite3_dbdata_init [0x012053EE+653550]\n\tsqlite3_dbdata_init [0x01204E09+652041]\n\tsqlite3_dbdata_init [0x011F97CC+605388]\n\tsqlite3_dbdata_init [0x01205D9B+656027]\n\t(No symbol) [0x00FDFE6C]\n\t(No symbol) [0x00FD83B8]\n\t(No symbol) [0x00FD84DD]\n\t(No symbol) [0x00FC5818]\n\tBaseThreadInitThunk [0x75967BA9+25]\n\tRtlInitializeExceptionChain [0x77D3BD2B+107]\n\tRtlClearBits [0x77D3BCAF+191]\n\n", "trace": "  File \"C:\\Users\\galli\\Sprint_6\\venv\\Lib\\site-packages\\allure_commons\\_allure.py\", line 192, in impl\n    return func(*a, **kw)\n           ^^^^^^^^^^^^^^\n  File \"C:\\Users\\galli\\Sprint_6\\pages\\order_page.py\", line 66, in is_order_confirmation_message_displayed\n    confirmation_message = self.wait_for_visibility(OrderPageLocators.FORM_ORDER_IS_PROCESSED)\n                           ^^^^^^^^^^^^^^^^^^^^^^^^^^^^^^^^^^^^^^^^^^^^^^^^^^^^^^^^^^^^^^^^^^^\n  File \"C:\\Users\\galli\\Sprint_6\\venv\\Lib\\site-packages\\allure_commons\\_allure.py\", line 192, in impl\n    return func(*a, **kw)\n           ^^^^^^^^^^^^^^\n  File \"C:\\Users\\galli\\Sprint_6\\pages\\base_page.py\", line 49, in wait_for_visibility\n    element = WebDriverWait(self.driver, wait_time).until(\n              ^^^^^^^^^^^^^^^^^^^^^^^^^^^^^^^^^^^^^^^^^^^^\n  File \"C:\\Users\\galli\\Sprint_6\\venv\\Lib\\site-packages\\selenium\\webdriver\\support\\wait.py\", line 105, in until\n    raise TimeoutException(message, screen, stacktrace)\n"}, "steps": [{"name": "Клик по кнопке 'Заказать' формы 'Заказа' на странице заказа", "status": "passed", "steps": [{"name": "Ожидание кликабельного элемента", "status": "passed", "parameters": [{"name": "locator", "value": "('xpath', \".//button[text()='Назад']/following-sibling::button[text()='Заказать']\")"}, {"name": "wait_time", "value": "10"}], "start": 1703322372930, "stop": 1703322372957}], "start": 1703322372930, "stop": 1703322372981}, {"name": "Клик по кнопке 'Да' формы 'Хотите оформить заказ?' на странице заказа", "status": "passed", "steps": [{"name": "Ожидание кликабельного элемента", "status": "passed", "parameters": [{"name": "locator", "value": "('xpath', \".//button[text()='Да']\")"}, {"name": "wait_time", "value": "10"}], "start": 1703322372981, "stop": 1703322373010}], "start": 1703322372981, "stop": 1703322373025}, {"name": "Ожидание видимости элемента", "status": "broken", "statusDetails": {"message": "selenium.common.exceptions.TimeoutException: Message: Элемент не стал видимым: ('xpath', \".//div[text()='Заказ оформлен']\")\nStacktrace:\n\tGetHandleVerifier [0x010A6EE3+174339]\n\t(No symbol) [0x00FD0A51]\n\t(No symbol) [0x00CE6FF6]\n\t(No symbol) [0x00D19876]\n\t(No symbol) [0x00D19C2C]\n\t(No symbol) [0x00D4BD42]\n\t(No symbol) [0x00D37054]\n\t(No symbol) [0x00D4A104]\n\t(No symbol) [0x00D36DA6]\n\t(No symbol) [0x00D11034]\n\t(No symbol) [0x00D11F8D]\n\tGetHandleVerifier [0x01144B1C+820540]\n\tsqlite3_dbdata_init [0x012053EE+653550]\n\tsqlite3_dbdata_init [0x01204E09+652041]\n\tsqlite3_dbdata_init [0x011F97CC+605388]\n\tsqlite3_dbdata_init [0x01205D9B+656027]\n\t(No symbol) [0x00FDFE6C]\n\t(No symbol) [0x00FD83B8]\n\t(No symbol) [0x00FD84DD]\n\t(No symbol) [0x00FC5818]\n\tBaseThreadInitThunk [0x75967BA9+25]\n\tRtlInitializeExceptionChain [0x77D3BD2B+107]\n\tRtlClearBits [0x77D3BCAF+191]\n\n", "trace": "  File \"C:\\Users\\galli\\Sprint_6\\venv\\Lib\\site-packages\\allure_commons\\_allure.py\", line 192, in impl\n    return func(*a, **kw)\n           ^^^^^^^^^^^^^^\n  File \"C:\\Users\\galli\\Sprint_6\\pages\\base_page.py\", line 49, in wait_for_visibility\n    element = WebDriverWait(self.driver, wait_time).until(\n              ^^^^^^^^^^^^^^^^^^^^^^^^^^^^^^^^^^^^^^^^^^^^\n  File \"C:\\Users\\galli\\Sprint_6\\venv\\Lib\\site-packages\\selenium\\webdriver\\support\\wait.py\", line 105, in until\n    raise TimeoutException(message, screen, stacktrace)\n"}, "parameters": [{"name": "locator", "value": "('xpath', \".//div[text()='Заказ оформлен']\")"}, {"name": "wait_time", "value": "10"}], "start": 1703322373025, "stop": 1703322383200}], "start": 1703322372930, "stop": 1703322383200}], "parameters": [{"name": "driver", "value": "'chrome'"}, {"name": "name", "value": "'Иван'"}, {"name": "second_name", "value": "'Иванов'"}, {"name": "address", "value": "'Московская 5'"}, {"name": "phone", "value": "'89050655488'"}, {"name": "times", "value": "'25.12.2023'"}, {"name": "comment", "value": "'Подъезд 5'"}], "start": 1703322370943, "stop": 1703322383200, "uuid": "8d52bf29-38d9-4c14-ad01-a1312dede0b0", "historyId": "6c7a06790003bdce52ca25d349e0cbf9", "testCaseId": "5c050506560318cd1bba91d18764966e", "fullName": "test.test_order_page.TestOrderYandexScooter#test_order_yandex_scooter_via_the_site_header_button", "labels": [{"name": "parentSuite", "value": "test"}, {"name": "suite", "value": "test_order_page"}, {"name": "subSuite", "value": "TestOrderYandexScooter"}, {"name": "host", "value": "LAPTOP-1KK7H688"}, {"name": "thread", "value": "20556-MainThread"}, {"name": "framework", "value": "pytest"}, {"name": "language", "value": "cpython3"}, {"name": "package", "value": "test.test_order_page"}]}