{"name": "Проверить: если нажать на логотип «Самоката», попадёшь на главную страницу «Самоката».", "status": "broken", "statusDetails": {"message": "selenium.common.exceptions.TimeoutException: Message: Элемент не стал видимым: ('xpath', \".//button[text()='Посмотреть статус']\")\nStacktrace:\n\tGetHandleVerifier [0x010A6EE3+174339]\n\t(No symbol) [0x00FD0A51]\n\t(No symbol) [0x00CE6FF6]\n\t(No symbol) [0x00D19876]\n\t(No symbol) [0x00D19C2C]\n\t(No symbol) [0x00D4BD42]\n\t(No symbol) [0x00D37054]\n\t(No symbol) [0x00D4A104]\n\t(No symbol) [0x00D36DA6]\n\t(No symbol) [0x00D11034]\n\t(No symbol) [0x00D11F8D]\n\tGetHandleVerifier [0x01144B1C+820540]\n\tsqlite3_dbdata_init [0x012053EE+653550]\n\tsqlite3_dbdata_init [0x01204E09+652041]\n\tsqlite3_dbdata_init [0x011F97CC+605388]\n\tsqlite3_dbdata_init [0x01205D9B+656027]\n\t(No symbol) [0x00FDFE6C]\n\t(No symbol) [0x00FD83B8]\n\t(No symbol) [0x00FD84DD]\n\t(No symbol) [0x00FC5818]\n\tBaseThreadInitThunk [0x75967BA9+25]\n\tRtlInitializeExceptionChain [0x77D3BD2B+107]\n\tRtlClearBits [0x77D3BCAF+191]", "trace": "self = <test.test_redirects.TestRedirectForYandex object at 0x0000020059C01C90>\ndriver = <selenium.webdriver.chrome.webdriver.WebDriver (session=\"839757e2bc1e5c27d1ac71dc3d07c13e\")>, name = 'Иван', second_name = 'Иванов', address = 'Московская 5'\nphone = '89050655488', times = '25.12.2023', comment = 'Подъезд 5'\n\n    @allure.title(\"Проверить: если нажать на логотип «Самоката», попадёшь на главную страницу «Самоката».\")\n    @pytest.mark.parametrize(\"name,second_name,address,phone,times,comment\",\n                             [('Иван', 'Иванов', 'Московская 5', '89050655488', '25.12.2023', 'Подъезд 5')],\n                             ids=[\"Positive test\"])\n    def test_click_on_the_scooter_logo_redirect_to_main_page(\n            self, driver, name, second_name, address, phone, times, comment):\n        page = MainPageHelper(driver)\n        page.open_page_close_cookie_click_order_from_header_main_page()\n        order_page = OrderPageHelper(driver)\n        order_page.adding_data_to_fields_who_is_the_scooter_for(name, second_name, address, phone)\n        order_page.adding_data_to_about_rent(times, comment)\n        order_page.click_order_from_form_order_page()\n        order_page.click_button_yes_from_form_want_to_place_an_order_order_page()\n>       order_page.click_button_view_status()\n\ntest\\test_redirects.py:23: \n_ _ _ _ _ _ _ _ _ _ _ _ _ _ _ _ _ _ _ _ _ _ _ _ _ _ _ _ _ _ _ _ _ _ _ _ _ _ _ _ _ _ _ _ _ _ _ _ _ _ _ _ _ _ _ _ _ _ _ _ _ _ _ _ _ _ _ _ _ _ _ _ _ _ _ _ _ _ _ _ _ _ _ _ _ _ _ _ _ _\npages\\order_page.py:55: in click_button_view_status\n    self.wait_for_clickable(OrderPageLocators.BUTTON_VIEW_STATUS).click()\npages\\base_page.py:56: in wait_for_clickable\n    element = WebDriverWait(self.driver, wait_time).until(\n_ _ _ _ _ _ _ _ _ _ _ _ _ _ _ _ _ _ _ _ _ _ _ _ _ _ _ _ _ _ _ _ _ _ _ _ _ _ _ _ _ _ _ _ _ _ _ _ _ _ _ _ _ _ _ _ _ _ _ _ _ _ _ _ _ _ _ _ _ _ _ _ _ _ _ _ _ _ _ _ _ _ _ _ _ _ _ _ _ _\n\nself = <selenium.webdriver.support.wait.WebDriverWait (session=\"839757e2bc1e5c27d1ac71dc3d07c13e\")>\nmethod = <function visibility_of_element_located.<locals>._predicate at 0x0000020059CB27A0>\nmessage = 'Элемент не стал видимым: (\\'xpath\\', \".//button[text()=\\'Посмотреть статус\\']\")'\n\n    def until(self, method: Callable[[D], Union[Literal[False], T]], message: str = \"\") -> T:\n        \"\"\"Calls the method provided with the driver as an argument until the \\\n        return value does not evaluate to ``False``.\n    \n        :param method: callable(WebDriver)\n        :param message: optional message for :exc:`TimeoutException`\n        :returns: the result of the last call to `method`\n        :raises: :exc:`selenium.common.exceptions.TimeoutException` if timeout occurs\n        \"\"\"\n        screen = None\n        stacktrace = None\n    \n        end_time = time.monotonic() + self._timeout\n        while True:\n            try:\n                value = method(self._driver)\n                if value:\n                    return value\n            except self._ignored_exceptions as exc:\n                screen = getattr(exc, \"screen\", None)\n                stacktrace = getattr(exc, \"stacktrace\", None)\n            time.sleep(self._poll)\n            if time.monotonic() > end_time:\n                break\n>       raise TimeoutException(message, screen, stacktrace)\nE       selenium.common.exceptions.TimeoutException: Message: Элемент не стал видимым: ('xpath', \".//button[text()='Посмотреть статус']\")\nE       Stacktrace:\nE       \tGetHandleVerifier [0x010A6EE3+174339]\nE       \t(No symbol) [0x00FD0A51]\nE       \t(No symbol) [0x00CE6FF6]\nE       \t(No symbol) [0x00D19876]\nE       \t(No symbol) [0x00D19C2C]\nE       \t(No symbol) [0x00D4BD42]\nE       \t(No symbol) [0x00D37054]\nE       \t(No symbol) [0x00D4A104]\nE       \t(No symbol) [0x00D36DA6]\nE       \t(No symbol) [0x00D11034]\nE       \t(No symbol) [0x00D11F8D]\nE       \tGetHandleVerifier [0x01144B1C+820540]\nE       \tsqlite3_dbdata_init [0x012053EE+653550]\nE       \tsqlite3_dbdata_init [0x01204E09+652041]\nE       \tsqlite3_dbdata_init [0x011F97CC+605388]\nE       \tsqlite3_dbdata_init [0x01205D9B+656027]\nE       \t(No symbol) [0x00FDFE6C]\nE       \t(No symbol) [0x00FD83B8]\nE       \t(No symbol) [0x00FD84DD]\nE       \t(No symbol) [0x00FC5818]\nE       \tBaseThreadInitThunk [0x75967BA9+25]\nE       \tRtlInitializeExceptionChain [0x77D3BD2B+107]\nE       \tRtlClearBits [0x77D3BCAF+191]\n\nvenv\\Lib\\site-packages\\selenium\\webdriver\\support\\wait.py:105: TimeoutException"}, "steps": [{"name": "Инициируем создание объекта класса BasePage", "status": "passed", "parameters": [{"name": "driver", "value": "<selenium.webdriver.chrome.webdriver.WebDriver (session=\"839757e2bc1e5c27d1ac71dc3d07c13e\")>"}], "start": 1703322443700, "stop": 1703322443700}, {"name": "Открыть главную страницу, закрыть куки, в основной части странице на главной странице", "status": "passed", "steps": [{"name": "Открыть страницу", "status": "passed", "start": 1703322443701, "stop": 1703322444777}, {"name": "Закрыть куки", "status": "passed", "start": 1703322444777, "stop": 1703322444827}, {"name": "Клик по кнопке 'Заказать' в основной части странице на главной странице", "status": "passed", "steps": [{"name": "Ожидание кликабельного элемента", "status": "passed", "parameters": [{"name": "locator", "value": "('xpath', \".//div[@class='Home_FinishButton__1_cWm']/button[text()='Заказать']\")"}, {"name": "wait_time", "value": "10"}], "start": 1703322444827, "stop": 1703322444858}], "start": 1703322444827, "stop": 1703322444882}], "start": 1703322443700, "stop": 1703322444882}, {"name": "Инициируем создание объекта класса BasePage", "status": "passed", "parameters": [{"name": "driver", "value": "<selenium.webdriver.chrome.webdriver.WebDriver (session=\"839757e2bc1e5c27d1ac71dc3d07c13e\")>"}], "start": 1703322444882, "stop": 1703322444882}, {"name": "Заполнение полей формы 'Для кого самокат'", "status": "passed", "steps": [{"name": "Ожидание кликабельного элемента", "status": "passed", "parameters": [{"name": "locator", "value": "('xpath', \".//input[@placeholder='* Имя']\")"}, {"name": "wait_time", "value": "10"}], "start": 1703322444882, "stop": 1703322444919}, {"name": "Ожидание кликабельного элемента", "status": "passed", "parameters": [{"name": "locator", "value": "('xpath', \".//input[@placeholder='* Фамилия']\")"}, {"name": "wait_time", "value": "10"}], "start": 1703322444962, "stop": 1703322444995}, {"name": "Ожидание кликабельного элемента", "status": "passed", "parameters": [{"name": "locator", "value": "('xpath', \".//input[@placeholder='* Адрес: куда привезти заказ']\")"}, {"name": "wait_time", "value": "10"}], "start": 1703322445027, "stop": 1703322445057}, {"name": "Ожидание кликабельного элемента", "status": "passed", "parameters": [{"name": "locator", "value": "('xpath', \".//input[@placeholder='* Станция метро']\")"}, {"name": "wait_time", "value": "10"}], "start": 1703322445092, "stop": 1703322445122}, {"name": "Ожидание кликабельного элемента", "status": "passed", "parameters": [{"name": "locator", "value": "('xpath', \".//li[@data-value='1']\")"}, {"name": "wait_time", "value": "10"}], "start": 1703322445166, "stop": 1703322445195}, {"name": "Ожидание кликабельного элемента", "status": "passed", "parameters": [{"name": "locator", "value": "('xpath', \".//input[@placeholder='* Телефон: на него позвонит курьер']\")"}, {"name": "wait_time", "value": "10"}], "start": 1703322445232, "stop": 1703322445252}, {"name": "Ожидание кликабельного элемента", "status": "passed", "parameters": [{"name": "locator", "value": "('xpath', \".//button[text()='Далее']\")"}, {"name": "wait_time", "value": "10"}], "start": 1703322445305, "stop": 1703322445324}], "parameters": [{"name": "name", "value": "'Иван'"}, {"name": "second_name", "value": "'Иванов'"}, {"name": "address", "value": "'Московская 5'"}, {"name": "phone", "value": "'89050655488'"}], "start": 1703322444882, "stop": 1703322445366}, {"name": "Заполнение полей формы 'Для кого самокат'", "status": "passed", "steps": [{"name": "Ожидание кликабельного элемента", "status": "passed", "parameters": [{"name": "locator", "value": "('xpath', \".//input[@placeholder='* Когда привезти самокат']\")"}, {"name": "wait_time", "value": "10"}], "start": 1703322445366, "stop": 1703322445394}, {"name": "Ожидание кликабельного элемента", "status": "passed", "parameters": [{"name": "locator", "value": "('xpath', \"//div[contains(@class, 'react-datepicker__day--selected') and text()='25']\")"}, {"name": "wait_time", "value": "10"}], "start": 1703322445493, "stop": 1703322445523}, {"name": "Ожидание кликабельного элемента", "status": "passed", "parameters": [{"name": "locator", "value": "('xpath', \".//div[text()='* Срок аренды']\")"}, {"name": "wait_time", "value": "10"}], "start": 1703322445549, "stop": 1703322445576}, {"name": "Ожидание кликабельного элемента", "status": "passed", "parameters": [{"name": "locator", "value": "('xpath', \".//div[text()='сутки']\")"}, {"name": "wait_time", "value": "10"}], "start": 1703322445595, "stop": 1703322445623}, {"name": "Ожидание кликабельного элемента", "status": "passed", "parameters": [{"name": "locator", "value": "('xpath', \".//label[@for='black']\")"}, {"name": "wait_time", "value": "10"}], "start": 1703322445643, "stop": 1703322445673}, {"name": "Ожидание кликабельного элемента", "status": "passed", "parameters": [{"name": "locator", "value": "('xpath', \".//input[@placeholder='Комментарий для курьера']\")"}, {"name": "wait_time", "value": "10"}], "start": 1703322445695, "stop": 1703322445726}], "parameters": [{"name": "times", "value": "'25.12.2023'"}, {"name": "comment", "value": "'Подъезд 5'"}], "start": 1703322445366, "stop": 1703322445766}, {"name": "Клик по кнопке 'Заказать' формы 'Заказа' на странице заказа", "status": "passed", "steps": [{"name": "Ожидание кликабельного элемента", "status": "passed", "parameters": [{"name": "locator", "value": "('xpath', \".//button[text()='Назад']/following-sibling::button[text()='Заказать']\")"}, {"name": "wait_time", "value": "10"}], "start": 1703322445766, "stop": 1703322445795}], "start": 1703322445766, "stop": 1703322445819}, {"name": "Клик по кнопке 'Да' формы 'Хотите оформить заказ?' на странице заказа", "status": "passed", "steps": [{"name": "Ожидание кликабельного элемента", "status": "passed", "parameters": [{"name": "locator", "value": "('xpath', \".//button[text()='Да']\")"}, {"name": "wait_time", "value": "10"}], "start": 1703322445819, "stop": 1703322445842}], "start": 1703322445819, "stop": 1703322445859}, {"name": "Клик по кнопке 'Посмотреть статус'", "status": "broken", "statusDetails": {"message": "selenium.common.exceptions.TimeoutException: Message: Элемент не стал видимым: ('xpath', \".//button[text()='Посмотреть статус']\")\nStacktrace:\n\tGetHandleVerifier [0x010A6EE3+174339]\n\t(No symbol) [0x00FD0A51]\n\t(No symbol) [0x00CE6FF6]\n\t(No symbol) [0x00D19876]\n\t(No symbol) [0x00D19C2C]\n\t(No symbol) [0x00D4BD42]\n\t(No symbol) [0x00D37054]\n\t(No symbol) [0x00D4A104]\n\t(No symbol) [0x00D36DA6]\n\t(No symbol) [0x00D11034]\n\t(No symbol) [0x00D11F8D]\n\tGetHandleVerifier [0x01144B1C+820540]\n\tsqlite3_dbdata_init [0x012053EE+653550]\n\tsqlite3_dbdata_init [0x01204E09+652041]\n\tsqlite3_dbdata_init [0x011F97CC+605388]\n\tsqlite3_dbdata_init [0x01205D9B+656027]\n\t(No symbol) [0x00FDFE6C]\n\t(No symbol) [0x00FD83B8]\n\t(No symbol) [0x00FD84DD]\n\t(No symbol) [0x00FC5818]\n\tBaseThreadInitThunk [0x75967BA9+25]\n\tRtlInitializeExceptionChain [0x77D3BD2B+107]\n\tRtlClearBits [0x77D3BCAF+191]\n\n", "trace": "  File \"C:\\Users\\galli\\Sprint_6\\venv\\Lib\\site-packages\\allure_commons\\_allure.py\", line 192, in impl\n    return func(*a, **kw)\n           ^^^^^^^^^^^^^^\n  File \"C:\\Users\\galli\\Sprint_6\\pages\\order_page.py\", line 55, in click_button_view_status\n    self.wait_for_clickable(OrderPageLocators.BUTTON_VIEW_STATUS).click()\n    ^^^^^^^^^^^^^^^^^^^^^^^^^^^^^^^^^^^^^^^^^^^^^^^^^^^^^^^^^^^^^\n  File \"C:\\Users\\galli\\Sprint_6\\venv\\Lib\\site-packages\\allure_commons\\_allure.py\", line 192, in impl\n    return func(*a, **kw)\n           ^^^^^^^^^^^^^^\n  File \"C:\\Users\\galli\\Sprint_6\\pages\\base_page.py\", line 56, in wait_for_clickable\n    element = WebDriverWait(self.driver, wait_time).until(\n              ^^^^^^^^^^^^^^^^^^^^^^^^^^^^^^^^^^^^^^^^^^^^\n  File \"C:\\Users\\galli\\Sprint_6\\venv\\Lib\\site-packages\\selenium\\webdriver\\support\\wait.py\", line 105, in until\n    raise TimeoutException(message, screen, stacktrace)\n"}, "steps": [{"name": "Ожидание кликабельного элемента", "status": "broken", "statusDetails": {"message": "selenium.common.exceptions.TimeoutException: Message: Элемент не стал видимым: ('xpath', \".//button[text()='Посмотреть статус']\")\nStacktrace:\n\tGetHandleVerifier [0x010A6EE3+174339]\n\t(No symbol) [0x00FD0A51]\n\t(No symbol) [0x00CE6FF6]\n\t(No symbol) [0x00D19876]\n\t(No symbol) [0x00D19C2C]\n\t(No symbol) [0x00D4BD42]\n\t(No symbol) [0x00D37054]\n\t(No symbol) [0x00D4A104]\n\t(No symbol) [0x00D36DA6]\n\t(No symbol) [0x00D11034]\n\t(No symbol) [0x00D11F8D]\n\tGetHandleVerifier [0x01144B1C+820540]\n\tsqlite3_dbdata_init [0x012053EE+653550]\n\tsqlite3_dbdata_init [0x01204E09+652041]\n\tsqlite3_dbdata_init [0x011F97CC+605388]\n\tsqlite3_dbdata_init [0x01205D9B+656027]\n\t(No symbol) [0x00FDFE6C]\n\t(No symbol) [0x00FD83B8]\n\t(No symbol) [0x00FD84DD]\n\t(No symbol) [0x00FC5818]\n\tBaseThreadInitThunk [0x75967BA9+25]\n\tRtlInitializeExceptionChain [0x77D3BD2B+107]\n\tRtlClearBits [0x77D3BCAF+191]\n\n", "trace": "  File \"C:\\Users\\galli\\Sprint_6\\venv\\Lib\\site-packages\\allure_commons\\_allure.py\", line 192, in impl\n    return func(*a, **kw)\n           ^^^^^^^^^^^^^^\n  File \"C:\\Users\\galli\\Sprint_6\\pages\\base_page.py\", line 56, in wait_for_clickable\n    element = WebDriverWait(self.driver, wait_time).until(\n              ^^^^^^^^^^^^^^^^^^^^^^^^^^^^^^^^^^^^^^^^^^^^\n  File \"C:\\Users\\galli\\Sprint_6\\venv\\Lib\\site-packages\\selenium\\webdriver\\support\\wait.py\", line 105, in until\n    raise TimeoutException(message, screen, stacktrace)\n"}, "parameters": [{"name": "locator", "value": "('xpath', \".//button[text()='Посмотреть статус']\")"}, {"name": "wait_time", "value": "10"}], "start": 1703322445859, "stop": 1703322456027}], "start": 1703322445859, "stop": 1703322456027}], "parameters": [{"name": "driver", "value": "'chrome'"}, {"name": "name", "value": "'Иван'"}, {"name": "second_name", "value": "'Иванов'"}, {"name": "address", "value": "'Московская 5'"}, {"name": "phone", "value": "'89050655488'"}, {"name": "times", "value": "'25.12.2023'"}, {"name": "comment", "value": "'Подъезд 5'"}], "start": 1703322443700, "stop": 1703322456027, "uuid": "d6eb48c2-ed00-42c8-9c05-135f08de65c4", "historyId": "aa7a465d599c9e783687cf8e9b170d71", "testCaseId": "d03dee178ddab0e2e3059d1693417b73", "fullName": "test.test_redirects.TestRedirectForYandex#test_click_on_the_scooter_logo_redirect_to_main_page", "labels": [{"name": "parentSuite", "value": "test"}, {"name": "suite", "value": "test_redirects"}, {"name": "subSuite", "value": "TestRedirectForYandex"}, {"name": "host", "value": "LAPTOP-1KK7H688"}, {"name": "thread", "value": "20556-MainThread"}, {"name": "framework", "value": "pytest"}, {"name": "language", "value": "cpython3"}, {"name": "package", "value": "test.test_redirects"}]}