{"name": "Проверить: если нажать на логотип Яндекса, в новом окне через редирект откроется главная страница Дзена.", "status": "broken", "statusDetails": {"message": "selenium.common.exceptions.TimeoutException: Message: Элемент не стал видимым: ('xpath', \".//button[text()='Посмотреть статус']\")\nStacktrace:\n\tGetHandleVerifier [0x00F96EE3+174339]\n\t(No symbol) [0x00EC0A51]\n\t(No symbol) [0x00BD6FF6]\n\t(No symbol) [0x00C09876]\n\t(No symbol) [0x00C09C2C]\n\t(No symbol) [0x00C3BD42]\n\t(No symbol) [0x00C27054]\n\t(No symbol) [0x00C3A104]\n\t(No symbol) [0x00C26DA6]\n\t(No symbol) [0x00C01034]\n\t(No symbol) [0x00C01F8D]\n\tGetHandleVerifier [0x01034B1C+820540]\n\tsqlite3_dbdata_init [0x010F53EE+653550]\n\tsqlite3_dbdata_init [0x010F4E09+652041]\n\tsqlite3_dbdata_init [0x010E97CC+605388]\n\tsqlite3_dbdata_init [0x010F5D9B+656027]\n\t(No symbol) [0x00ECFE6C]\n\t(No symbol) [0x00EC83B8]\n\t(No symbol) [0x00EC84DD]\n\t(No symbol) [0x00EB5818]\n\tBaseThreadInitThunk [0x75967BA9+25]\n\tRtlInitializeExceptionChain [0x77D3BD2B+107]\n\tRtlClearBits [0x77D3BCAF+191]", "trace": "self = <test.test_order_page.TestOrderYandexScooter object at 0x000002096C0A2990>\ndriver = <selenium.webdriver.chrome.webdriver.WebDriver (session=\"2efccc2f00b618fca20f8e2e38516eb5\")>, name = 'Иван', second_name = 'Иванов', address = 'Московская 5'\nphone = '89050655488', times = '25.12.2023', comment = 'Подъезд 5'\n\n    @allure.title(\"Проверить: если нажать на логотип Яндекса, \"\n                  \"в новом окне через редирект откроется главная страница Дзена.\")\n    @pytest.mark.parametrize(\"name,second_name,address,phone,times,comment\",\n                             [('Иван', 'Иванов', 'Московская 5', '89050655488', '25.12.2023', 'Подъезд 5')],\n                             ids=[\"Positive test\"])\n    def test_click_scooter_yandex_logo_will_be_new_windows_with_main_page_yandex(\n            self, driver, name, second_name, address, phone, times, comment):\n        page = MainPageHelper(driver)\n        page.open_page_close_cookie_click_order_from_header_main_page()\n        order_page = OrderPageHelper(driver)\n        order_page.adding_data_to_fields_who_is_the_scooter_for(name, second_name, address, phone)\n        order_page.adding_data_to_about_rent(times, comment)\n        order_page.click_order_from_form_order_page()\n        order_page.click_button_yes_from_form_want_to_place_an_order_order_page()\n>       order_page.click_button_view_status()\n\ntest\\test_order_page.py:91: \n_ _ _ _ _ _ _ _ _ _ _ _ _ _ _ _ _ _ _ _ _ _ _ _ _ _ _ _ _ _ _ _ _ _ _ _ _ _ _ _ _ _ _ _ _ _ _ _ _ _ _ _ _ _ _ _ _ _ _ _ _ _ _ _ _ _ _ _ _ _ _ _ _ _ _ _ _ _ _ _ _ _ _ _ _ _ _ _ _ _\npages\\order_page.py:55: in click_button_view_status\n    self.wait_for_clickable(OrderPageLocators.BUTTON_VIEW_STATUS).click()\npages\\base_page.py:56: in wait_for_clickable\n    element = WebDriverWait(self.driver, wait_time).until(\n_ _ _ _ _ _ _ _ _ _ _ _ _ _ _ _ _ _ _ _ _ _ _ _ _ _ _ _ _ _ _ _ _ _ _ _ _ _ _ _ _ _ _ _ _ _ _ _ _ _ _ _ _ _ _ _ _ _ _ _ _ _ _ _ _ _ _ _ _ _ _ _ _ _ _ _ _ _ _ _ _ _ _ _ _ _ _ _ _ _\n\nself = <selenium.webdriver.support.wait.WebDriverWait (session=\"2efccc2f00b618fca20f8e2e38516eb5\")>\nmethod = <function visibility_of_element_located.<locals>._predicate at 0x000002096C122D40>\nmessage = 'Элемент не стал видимым: (\\'xpath\\', \".//button[text()=\\'Посмотреть статус\\']\")'\n\n    def until(self, method: Callable[[D], Union[Literal[False], T]], message: str = \"\") -> T:\n        \"\"\"Calls the method provided with the driver as an argument until the \\\n        return value does not evaluate to ``False``.\n    \n        :param method: callable(WebDriver)\n        :param message: optional message for :exc:`TimeoutException`\n        :returns: the result of the last call to `method`\n        :raises: :exc:`selenium.common.exceptions.TimeoutException` if timeout occurs\n        \"\"\"\n        screen = None\n        stacktrace = None\n    \n        end_time = time.monotonic() + self._timeout\n        while True:\n            try:\n                value = method(self._driver)\n                if value:\n                    return value\n            except self._ignored_exceptions as exc:\n                screen = getattr(exc, \"screen\", None)\n                stacktrace = getattr(exc, \"stacktrace\", None)\n            time.sleep(self._poll)\n            if time.monotonic() > end_time:\n                break\n>       raise TimeoutException(message, screen, stacktrace)\nE       selenium.common.exceptions.TimeoutException: Message: Элемент не стал видимым: ('xpath', \".//button[text()='Посмотреть статус']\")\nE       Stacktrace:\nE       \tGetHandleVerifier [0x00F96EE3+174339]\nE       \t(No symbol) [0x00EC0A51]\nE       \t(No symbol) [0x00BD6FF6]\nE       \t(No symbol) [0x00C09876]\nE       \t(No symbol) [0x00C09C2C]\nE       \t(No symbol) [0x00C3BD42]\nE       \t(No symbol) [0x00C27054]\nE       \t(No symbol) [0x00C3A104]\nE       \t(No symbol) [0x00C26DA6]\nE       \t(No symbol) [0x00C01034]\nE       \t(No symbol) [0x00C01F8D]\nE       \tGetHandleVerifier [0x01034B1C+820540]\nE       \tsqlite3_dbdata_init [0x010F53EE+653550]\nE       \tsqlite3_dbdata_init [0x010F4E09+652041]\nE       \tsqlite3_dbdata_init [0x010E97CC+605388]\nE       \tsqlite3_dbdata_init [0x010F5D9B+656027]\nE       \t(No symbol) [0x00ECFE6C]\nE       \t(No symbol) [0x00EC83B8]\nE       \t(No symbol) [0x00EC84DD]\nE       \t(No symbol) [0x00EB5818]\nE       \tBaseThreadInitThunk [0x75967BA9+25]\nE       \tRtlInitializeExceptionChain [0x77D3BD2B+107]\nE       \tRtlClearBits [0x77D3BCAF+191]\n\nvenv\\Lib\\site-packages\\selenium\\webdriver\\support\\wait.py:105: TimeoutException"}, "steps": [{"name": "Инициируем создание объекта класса BasePage", "status": "passed", "parameters": [{"name": "driver", "value": "<selenium.webdriver.chrome.webdriver.WebDriver (session=\"2efccc2f00b618fca20f8e2e38516eb5\")>"}], "start": 1703176711008, "stop": 1703176711008}, {"name": "Открыть главную страницу, закрыть куки, в основной части странице на главной странице", "status": "passed", "steps": [{"name": "Открыть страницу", "status": "passed", "start": 1703176711008, "stop": 1703176712630}, {"name": "Закрыть куки", "status": "passed", "start": 1703176712630, "stop": 1703176712700}, {"name": "Клик по кнопке 'Заказать' в основной части странице на главной странице", "status": "passed", "steps": [{"name": "Ожидание кликабельного элемента", "status": "passed", "parameters": [{"name": "locator", "value": "('xpath', \".//div[@class='Home_FinishButton__1_cWm']/button[text()='Заказать']\")"}, {"name": "wait_time", "value": "10"}], "start": 1703176712701, "stop": 1703176712733}], "start": 1703176712701, "stop": 1703176712761}], "start": 1703176711008, "stop": 1703176712761}, {"name": "Инициируем создание объекта класса BasePage", "status": "passed", "parameters": [{"name": "driver", "value": "<selenium.webdriver.chrome.webdriver.WebDriver (session=\"2efccc2f00b618fca20f8e2e38516eb5\")>"}], "start": 1703176712763, "stop": 1703176712763}, {"name": "Заполнение полей формы 'Для кого самокат'", "status": "passed", "steps": [{"name": "Ожидание кликабельного элемента", "status": "passed", "parameters": [{"name": "locator", "value": "('xpath', \".//input[@placeholder='* Имя']\")"}, {"name": "wait_time", "value": "10"}], "start": 1703176712763, "stop": 1703176712795}, {"name": "Ожидание кликабельного элемента", "status": "passed", "parameters": [{"name": "locator", "value": "('xpath', \".//input[@placeholder='* Фамилия']\")"}, {"name": "wait_time", "value": "10"}], "start": 1703176712835, "stop": 1703176712867}, {"name": "Ожидание кликабельного элемента", "status": "passed", "parameters": [{"name": "locator", "value": "('xpath', \".//input[@placeholder='* Адрес: куда привезти заказ']\")"}, {"name": "wait_time", "value": "10"}], "start": 1703176712899, "stop": 1703176712948}, {"name": "Ожидание кликабельного элемента", "status": "passed", "parameters": [{"name": "locator", "value": "('xpath', \".//input[@placeholder='* Станция метро']\")"}, {"name": "wait_time", "value": "10"}], "start": 1703176712983, "stop": 1703176713013}, {"name": "Ожидание кликабельного элемента", "status": "passed", "parameters": [{"name": "locator", "value": "('xpath', \".//li[@data-value='1']\")"}, {"name": "wait_time", "value": "10"}], "start": 1703176713059, "stop": 1703176713095}, {"name": "Ожидание кликабельного элемента", "status": "passed", "parameters": [{"name": "locator", "value": "('xpath', \".//input[@placeholder='* Телефон: на него позвонит курьер']\")"}, {"name": "wait_time", "value": "10"}], "start": 1703176713129, "stop": 1703176713181}, {"name": "Ожидание кликабельного элемента", "status": "passed", "parameters": [{"name": "locator", "value": "('xpath', \".//button[text()='Далее']\")"}, {"name": "wait_time", "value": "10"}], "start": 1703176713217, "stop": 1703176713247}], "parameters": [{"name": "name", "value": "'Иван'"}, {"name": "second_name", "value": "'Иванов'"}, {"name": "address", "value": "'Московская 5'"}, {"name": "phone", "value": "'89050655488'"}], "start": 1703176712763, "stop": 1703176713276}, {"name": "Заполнение полей формы 'Для кого самокат'", "status": "passed", "steps": [{"name": "Ожидание кликабельного элемента", "status": "passed", "parameters": [{"name": "locator", "value": "('xpath', \".//input[@placeholder='* Когда привезти самокат']\")"}, {"name": "wait_time", "value": "10"}], "start": 1703176713276, "stop": 1703176713308}, {"name": "Ожидание кликабельного элемента", "status": "passed", "parameters": [{"name": "locator", "value": "('xpath', \"//div[contains(@class, 'react-datepicker__day--selected') and text()='25']\")"}, {"name": "wait_time", "value": "10"}], "start": 1703176713405, "stop": 1703176713467}, {"name": "Ожидание кликабельного элемента", "status": "passed", "parameters": [{"name": "locator", "value": "('xpath', \".//div[text()='* Срок аренды']\")"}, {"name": "wait_time", "value": "10"}], "start": 1703176713492, "stop": 1703176713522}, {"name": "Ожидание кликабельного элемента", "status": "passed", "parameters": [{"name": "locator", "value": "('xpath', \".//div[text()='сутки']\")"}, {"name": "wait_time", "value": "10"}], "start": 1703176713543, "stop": 1703176713571}, {"name": "Ожидание кликабельного элемента", "status": "passed", "parameters": [{"name": "locator", "value": "('xpath', \".//label[@for='black']\")"}, {"name": "wait_time", "value": "10"}], "start": 1703176713598, "stop": 1703176713627}, {"name": "Ожидание кликабельного элемента", "status": "passed", "parameters": [{"name": "locator", "value": "('xpath', \".//input[@placeholder='Комментарий для курьера']\")"}, {"name": "wait_time", "value": "10"}], "start": 1703176713652, "stop": 1703176713682}], "parameters": [{"name": "times", "value": "'25.12.2023'"}, {"name": "comment", "value": "'Подъезд 5'"}], "start": 1703176713276, "stop": 1703176713735}, {"name": "Клик по кнопке 'Заказать' формы 'Заказа' на странице заказа", "status": "passed", "steps": [{"name": "Ожидание кликабельного элемента", "status": "passed", "parameters": [{"name": "locator", "value": "('xpath', \".//button[text()='Назад']/following-sibling::button[text()='Заказать']\")"}, {"name": "wait_time", "value": "10"}], "start": 1703176713735, "stop": 1703176713765}], "start": 1703176713735, "stop": 1703176713786}, {"name": "Клик по кнопке 'Да' формы 'Хотите оформить заказ?' на странице заказа", "status": "passed", "steps": [{"name": "Ожидание кликабельного элемента", "status": "passed", "parameters": [{"name": "locator", "value": "('xpath', \".//button[text()='Да']\")"}, {"name": "wait_time", "value": "10"}], "start": 1703176713786, "stop": 1703176713816}], "start": 1703176713786, "stop": 1703176713836}, {"name": "Клик по кнопке 'Посмотреть статус'", "status": "broken", "statusDetails": {"message": "selenium.common.exceptions.TimeoutException: Message: Элемент не стал видимым: ('xpath', \".//button[text()='Посмотреть статус']\")\nStacktrace:\n\tGetHandleVerifier [0x00F96EE3+174339]\n\t(No symbol) [0x00EC0A51]\n\t(No symbol) [0x00BD6FF6]\n\t(No symbol) [0x00C09876]\n\t(No symbol) [0x00C09C2C]\n\t(No symbol) [0x00C3BD42]\n\t(No symbol) [0x00C27054]\n\t(No symbol) [0x00C3A104]\n\t(No symbol) [0x00C26DA6]\n\t(No symbol) [0x00C01034]\n\t(No symbol) [0x00C01F8D]\n\tGetHandleVerifier [0x01034B1C+820540]\n\tsqlite3_dbdata_init [0x010F53EE+653550]\n\tsqlite3_dbdata_init [0x010F4E09+652041]\n\tsqlite3_dbdata_init [0x010E97CC+605388]\n\tsqlite3_dbdata_init [0x010F5D9B+656027]\n\t(No symbol) [0x00ECFE6C]\n\t(No symbol) [0x00EC83B8]\n\t(No symbol) [0x00EC84DD]\n\t(No symbol) [0x00EB5818]\n\tBaseThreadInitThunk [0x75967BA9+25]\n\tRtlInitializeExceptionChain [0x77D3BD2B+107]\n\tRtlClearBits [0x77D3BCAF+191]\n\n", "trace": "  File \"C:\\Users\\galli\\Sprint_6\\venv\\Lib\\site-packages\\allure_commons\\_allure.py\", line 192, in impl\n    return func(*a, **kw)\n           ^^^^^^^^^^^^^^\n  File \"C:\\Users\\galli\\Sprint_6\\pages\\order_page.py\", line 55, in click_button_view_status\n    self.wait_for_clickable(OrderPageLocators.BUTTON_VIEW_STATUS).click()\n    ^^^^^^^^^^^^^^^^^^^^^^^^^^^^^^^^^^^^^^^^^^^^^^^^^^^^^^^^^^^^^\n  File \"C:\\Users\\galli\\Sprint_6\\venv\\Lib\\site-packages\\allure_commons\\_allure.py\", line 192, in impl\n    return func(*a, **kw)\n           ^^^^^^^^^^^^^^\n  File \"C:\\Users\\galli\\Sprint_6\\pages\\base_page.py\", line 56, in wait_for_clickable\n    element = WebDriverWait(self.driver, wait_time).until(\n              ^^^^^^^^^^^^^^^^^^^^^^^^^^^^^^^^^^^^^^^^^^^^\n  File \"C:\\Users\\galli\\Sprint_6\\venv\\Lib\\site-packages\\selenium\\webdriver\\support\\wait.py\", line 105, in until\n    raise TimeoutException(message, screen, stacktrace)\n"}, "steps": [{"name": "Ожидание кликабельного элемента", "status": "broken", "statusDetails": {"message": "selenium.common.exceptions.TimeoutException: Message: Элемент не стал видимым: ('xpath', \".//button[text()='Посмотреть статус']\")\nStacktrace:\n\tGetHandleVerifier [0x00F96EE3+174339]\n\t(No symbol) [0x00EC0A51]\n\t(No symbol) [0x00BD6FF6]\n\t(No symbol) [0x00C09876]\n\t(No symbol) [0x00C09C2C]\n\t(No symbol) [0x00C3BD42]\n\t(No symbol) [0x00C27054]\n\t(No symbol) [0x00C3A104]\n\t(No symbol) [0x00C26DA6]\n\t(No symbol) [0x00C01034]\n\t(No symbol) [0x00C01F8D]\n\tGetHandleVerifier [0x01034B1C+820540]\n\tsqlite3_dbdata_init [0x010F53EE+653550]\n\tsqlite3_dbdata_init [0x010F4E09+652041]\n\tsqlite3_dbdata_init [0x010E97CC+605388]\n\tsqlite3_dbdata_init [0x010F5D9B+656027]\n\t(No symbol) [0x00ECFE6C]\n\t(No symbol) [0x00EC83B8]\n\t(No symbol) [0x00EC84DD]\n\t(No symbol) [0x00EB5818]\n\tBaseThreadInitThunk [0x75967BA9+25]\n\tRtlInitializeExceptionChain [0x77D3BD2B+107]\n\tRtlClearBits [0x77D3BCAF+191]\n\n", "trace": "  File \"C:\\Users\\galli\\Sprint_6\\venv\\Lib\\site-packages\\allure_commons\\_allure.py\", line 192, in impl\n    return func(*a, **kw)\n           ^^^^^^^^^^^^^^\n  File \"C:\\Users\\galli\\Sprint_6\\pages\\base_page.py\", line 56, in wait_for_clickable\n    element = WebDriverWait(self.driver, wait_time).until(\n              ^^^^^^^^^^^^^^^^^^^^^^^^^^^^^^^^^^^^^^^^^^^^\n  File \"C:\\Users\\galli\\Sprint_6\\venv\\Lib\\site-packages\\selenium\\webdriver\\support\\wait.py\", line 105, in until\n    raise TimeoutException(message, screen, stacktrace)\n"}, "parameters": [{"name": "locator", "value": "('xpath', \".//button[text()='Посмотреть статус']\")"}, {"name": "wait_time", "value": "10"}], "start": 1703176713836, "stop": 1703176724076}], "start": 1703176713836, "stop": 1703176724077}], "parameters": [{"name": "driver", "value": "'chrome'"}, {"name": "name", "value": "'Иван'"}, {"name": "second_name", "value": "'Иванов'"}, {"name": "address", "value": "'Московская 5'"}, {"name": "phone", "value": "'89050655488'"}, {"name": "times", "value": "'25.12.2023'"}, {"name": "comment", "value": "'Подъезд 5'"}], "start": 1703176711007, "stop": 1703176724077, "uuid": "21d6cf3c-1030-4572-9ef6-25c38c44aafe", "historyId": "92708206b0c4c3d0dc4cfb3765dd9c69", "testCaseId": "329a78717a96142d776de7b8c0a3f3ab", "fullName": "test.test_order_page.TestOrderYandexScooter#test_click_scooter_yandex_logo_will_be_new_windows_with_main_page_yandex", "labels": [{"name": "parentSuite", "value": "test"}, {"name": "suite", "value": "test_order_page"}, {"name": "subSuite", "value": "TestOrderYandexScooter"}, {"name": "host", "value": "LAPTOP-1KK7H688"}, {"name": "thread", "value": "24924-MainThread"}, {"name": "framework", "value": "pytest"}, {"name": "language", "value": "cpython3"}, {"name": "package", "value": "test.test_order_page"}]}