{"name": "Тест выпадающий список Вопросы о важном 'Сколько это стоит? И как оплатить?'", "status": "broken", "statusDetails": {"message": "selenium.common.exceptions.TimeoutException: Message: Элемент не стал видимым: ('xpath', \".//div[@id='accordion__panel-0']/p\")", "trace": "self = <test.test_main_page.TestSectionQuestionsAboutImportant object at 0x000002096C05B050>\ndriver = <selenium.webdriver.chrome.webdriver.WebDriver (session=\"3a2b94930b686c1bb7cf2c9569c5f06a\")>\n\n    @allure.title(\"Тест выпадающий список Вопросы о важном 'Сколько это стоит? И как оплатить?'\")\n    def test_how_much_does_it_cost_and_how_to_pay(self, driver):\n        page = MainPageHelper(driver)\n        page.open()\n        page.close_cookie()\n        page.scroll_text_questions_about_important_things()\n        page.wait_for_clickable(MainPageLocators.HOW_MUCH_DOES_IT_COST_AND_HOW_TO_PAY)\n>       text = page.get_text(MainPageLocators.TEXT_HOW_MUCH_DOES_IT_COST_AND_HOW_TO_PAY)\n\ntest\\test_main_page.py:21: \n_ _ _ _ _ _ _ _ _ _ _ _ _ _ _ _ _ _ _ _ _ _ _ _ _ _ _ _ _ _ _ _ _ _ _ _ _ _ _ _ _ _ _ _ _ _ _ _ _ _ _ _ _ _ _ _ _ _ _ _ _ _ _ _ _ _ _ _ _ _ _ _ _ _ _ _ _ _ _ _ _ _ _ _ _ _ _ _ _ _\npages\\base_page.py:68: in get_text\n    element = self.wait_for_visibility(locator, wait_time)\npages\\base_page.py:49: in wait_for_visibility\n    element = WebDriverWait(self.driver, wait_time).until(\n_ _ _ _ _ _ _ _ _ _ _ _ _ _ _ _ _ _ _ _ _ _ _ _ _ _ _ _ _ _ _ _ _ _ _ _ _ _ _ _ _ _ _ _ _ _ _ _ _ _ _ _ _ _ _ _ _ _ _ _ _ _ _ _ _ _ _ _ _ _ _ _ _ _ _ _ _ _ _ _ _ _ _ _ _ _ _ _ _ _\n\nself = <selenium.webdriver.support.wait.WebDriverWait (session=\"3a2b94930b686c1bb7cf2c9569c5f06a\")>\nmethod = <function visibility_of_element_located.<locals>._predicate at 0x000002096C158360>\nmessage = 'Элемент не стал видимым: (\\'xpath\\', \".//div[@id=\\'accordion__panel-0\\']/p\")'\n\n    def until(self, method: Callable[[D], Union[Literal[False], T]], message: str = \"\") -> T:\n        \"\"\"Calls the method provided with the driver as an argument until the \\\n        return value does not evaluate to ``False``.\n    \n        :param method: callable(WebDriver)\n        :param message: optional message for :exc:`TimeoutException`\n        :returns: the result of the last call to `method`\n        :raises: :exc:`selenium.common.exceptions.TimeoutException` if timeout occurs\n        \"\"\"\n        screen = None\n        stacktrace = None\n    \n        end_time = time.monotonic() + self._timeout\n        while True:\n            try:\n                value = method(self._driver)\n                if value:\n                    return value\n            except self._ignored_exceptions as exc:\n                screen = getattr(exc, \"screen\", None)\n                stacktrace = getattr(exc, \"stacktrace\", None)\n            time.sleep(self._poll)\n            if time.monotonic() > end_time:\n                break\n>       raise TimeoutException(message, screen, stacktrace)\nE       selenium.common.exceptions.TimeoutException: Message: Элемент не стал видимым: ('xpath', \".//div[@id='accordion__panel-0']/p\")\n\nvenv\\Lib\\site-packages\\selenium\\webdriver\\support\\wait.py:105: TimeoutException"}, "steps": [{"name": "Инициируем создание объекта класса BasePage", "status": "passed", "parameters": [{"name": "driver", "value": "<selenium.webdriver.chrome.webdriver.WebDriver (session=\"3a2b94930b686c1bb7cf2c9569c5f06a\")>"}], "start": 1703176387257, "stop": 1703176387257}, {"name": "Открыть страницу", "status": "passed", "start": 1703176387257, "stop": 1703176388563}, {"name": "Закрыть куки", "status": "passed", "start": 1703176388563, "stop": 1703176388644}, {"name": "Скроллинг страницы до элемента текст 'Вопросы о важном' на главной странице", "status": "passed", "steps": [{"name": "Скроллинг до элемента", "status": "passed", "steps": [{"name": "Найти элемент с ожиданием", "status": "passed", "parameters": [{"name": "locator", "value": "('xpath', \".//div[text()='Вопросы о важном']\")"}, {"name": "wait_time", "value": "10"}], "start": 1703176388644, "stop": 1703176388653}, {"name": "Выполнить JavaScript-скрипт", "status": "passed", "parameters": [{"name": "script", "value": "'arguments[0].scrollIntoView();'"}, {"name": "args", "value": "(<selenium.webdriver.remote.webelement.WebElement (session=\"3a2b94930b686c1bb7cf2c9569c5f06a\", element=\"BBE7B2F62182E33782BC29A351B4484E_element_15\")>,)"}], "start": 1703176388653, "stop": 1703176388658}], "parameters": [{"name": "locator", "value": "('xpath', \".//div[text()='Вопросы о важном']\")"}], "start": 1703176388644, "stop": 1703176388658}], "start": 1703176388644, "stop": 1703176388658}, {"name": "Ожидание кликабельного элемента", "status": "passed", "parameters": [{"name": "locator", "value": "('xpath', \".//div[@id='accordion__heading-0']\")"}, {"name": "wait_time", "value": "10"}], "start": 1703176388658, "stop": 1703176388696}, {"name": "Получение текста элемента", "status": "broken", "statusDetails": {"message": "selenium.common.exceptions.TimeoutException: Message: Элемент не стал видимым: ('xpath', \".//div[@id='accordion__panel-0']/p\")\n\n", "trace": "  File \"C:\\Users\\galli\\Sprint_6\\venv\\Lib\\site-packages\\allure_commons\\_allure.py\", line 192, in impl\n    return func(*a, **kw)\n           ^^^^^^^^^^^^^^\n  File \"C:\\Users\\galli\\Sprint_6\\pages\\base_page.py\", line 68, in get_text\n    element = self.wait_for_visibility(locator, wait_time)\n              ^^^^^^^^^^^^^^^^^^^^^^^^^^^^^^^^^^^^^^^^^^^^\n  File \"C:\\Users\\galli\\Sprint_6\\venv\\Lib\\site-packages\\allure_commons\\_allure.py\", line 192, in impl\n    return func(*a, **kw)\n           ^^^^^^^^^^^^^^\n  File \"C:\\Users\\galli\\Sprint_6\\pages\\base_page.py\", line 49, in wait_for_visibility\n    element = WebDriverWait(self.driver, wait_time).until(\n              ^^^^^^^^^^^^^^^^^^^^^^^^^^^^^^^^^^^^^^^^^^^^\n  File \"C:\\Users\\galli\\Sprint_6\\venv\\Lib\\site-packages\\selenium\\webdriver\\support\\wait.py\", line 105, in until\n    raise TimeoutException(message, screen, stacktrace)\n"}, "steps": [{"name": "Ожидание видимости элемента", "status": "broken", "statusDetails": {"message": "selenium.common.exceptions.TimeoutException: Message: Элемент не стал видимым: ('xpath', \".//div[@id='accordion__panel-0']/p\")\n\n", "trace": "  File \"C:\\Users\\galli\\Sprint_6\\venv\\Lib\\site-packages\\allure_commons\\_allure.py\", line 192, in impl\n    return func(*a, **kw)\n           ^^^^^^^^^^^^^^\n  File \"C:\\Users\\galli\\Sprint_6\\pages\\base_page.py\", line 49, in wait_for_visibility\n    element = WebDriverWait(self.driver, wait_time).until(\n              ^^^^^^^^^^^^^^^^^^^^^^^^^^^^^^^^^^^^^^^^^^^^\n  File \"C:\\Users\\galli\\Sprint_6\\venv\\Lib\\site-packages\\selenium\\webdriver\\support\\wait.py\", line 105, in until\n    raise TimeoutException(message, screen, stacktrace)\n"}, "parameters": [{"name": "locator", "value": "('xpath', \".//div[@id='accordion__panel-0']/p\")"}, {"name": "wait_time", "value": "10"}], "start": 1703176388696, "stop": 1703176399061}], "parameters": [{"name": "locator", "value": "('xpath', \".//div[@id='accordion__panel-0']/p\")"}, {"name": "wait_time", "value": "10"}], "start": 1703176388696, "stop": 1703176399063}], "parameters": [{"name": "driver", "value": "'chrome'"}], "start": 1703176387257, "stop": 1703176399064, "uuid": "f8560f97-19d5-4665-ac6c-da8f62c969ad", "historyId": "52352dc1e26d51cb9bae57cad029909e", "testCaseId": "5293eea366e07fd937b2465582ec8283", "fullName": "test.test_main_page.TestSectionQuestionsAboutImportant#test_how_much_does_it_cost_and_how_to_pay", "labels": [{"name": "parentSuite", "value": "test"}, {"name": "suite", "value": "test_main_page"}, {"name": "subSuite", "value": "TestSectionQuestionsAboutImportant"}, {"name": "host", "value": "LAPTOP-1KK7H688"}, {"name": "thread", "value": "24924-MainThread"}, {"name": "framework", "value": "pytest"}, {"name": "language", "value": "cpython3"}, {"name": "package", "value": "test.test_main_page"}]}