{"uid":"6ef6b5b48812ee1d","name":"Тест выпадающий список Вопросы о важном 'Сколько это стоит? И как оплатить?'","fullName":"test.test_main_page.TestSectionQuestionsAboutImportant#test_how_much_does_it_cost_and_how_to_pay","historyId":"7a6db599bdc55ebb03e5c717e1e7e693","time":{"start":1703176369706,"stop":1703176381784,"duration":12078},"status":"broken","statusMessage":"selenium.common.exceptions.TimeoutException: Message: Элемент не стал видимым: ('xpath', \".//div[@id='accordion__panel-0']/p\")","statusTrace":"self = <test.test_main_page.TestSectionQuestionsAboutImportant object at 0x000002096910B750>\ndriver = <selenium.webdriver.firefox.webdriver.WebDriver (session=\"3116a0f7-915e-4452-8ddd-e295287b8c3d\")>\n\n    @allure.title(\"Тест выпадающий список Вопросы о важном 'Сколько это стоит? И как оплатить?'\")\n    def test_how_much_does_it_cost_and_how_to_pay(self, driver):\n        page = MainPageHelper(driver)\n        page.open()\n        page.close_cookie()\n        page.scroll_text_questions_about_important_things()\n        page.wait_for_clickable(MainPageLocators.HOW_MUCH_DOES_IT_COST_AND_HOW_TO_PAY)\n>       text = page.get_text(MainPageLocators.TEXT_HOW_MUCH_DOES_IT_COST_AND_HOW_TO_PAY)\n\ntest\\test_main_page.py:21: \n_ _ _ _ _ _ _ _ _ _ _ _ _ _ _ _ _ _ _ _ _ _ _ _ _ _ _ _ _ _ _ _ _ _ _ _ _ _ _ _ _ _ _ _ _ _ _ _ _ _ _ _ _ _ _ _ _ _ _ _ _ _ _ _ _ _ _ _ _ _ _ _ _ _ _ _ _ _ _ _ _ _ _ _ _ _ _ _ _ _\npages\\base_page.py:68: in get_text\n    element = self.wait_for_visibility(locator, wait_time)\npages\\base_page.py:49: in wait_for_visibility\n    element = WebDriverWait(self.driver, wait_time).until(\n_ _ _ _ _ _ _ _ _ _ _ _ _ _ _ _ _ _ _ _ _ _ _ _ _ _ _ _ _ _ _ _ _ _ _ _ _ _ _ _ _ _ _ _ _ _ _ _ _ _ _ _ _ _ _ _ _ _ _ _ _ _ _ _ _ _ _ _ _ _ _ _ _ _ _ _ _ _ _ _ _ _ _ _ _ _ _ _ _ _\n\nself = <selenium.webdriver.support.wait.WebDriverWait (session=\"3116a0f7-915e-4452-8ddd-e295287b8c3d\")>\nmethod = <function visibility_of_element_located.<locals>._predicate at 0x000002096C0BD440>\nmessage = 'Элемент не стал видимым: (\\'xpath\\', \".//div[@id=\\'accordion__panel-0\\']/p\")'\n\n    def until(self, method: Callable[[D], Union[Literal[False], T]], message: str = \"\") -> T:\n        \"\"\"Calls the method provided with the driver as an argument until the \\\n        return value does not evaluate to ``False``.\n    \n        :param method: callable(WebDriver)\n        :param message: optional message for :exc:`TimeoutException`\n        :returns: the result of the last call to `method`\n        :raises: :exc:`selenium.common.exceptions.TimeoutException` if timeout occurs\n        \"\"\"\n        screen = None\n        stacktrace = None\n    \n        end_time = time.monotonic() + self._timeout\n        while True:\n            try:\n                value = method(self._driver)\n                if value:\n                    return value\n            except self._ignored_exceptions as exc:\n                screen = getattr(exc, \"screen\", None)\n                stacktrace = getattr(exc, \"stacktrace\", None)\n            time.sleep(self._poll)\n            if time.monotonic() > end_time:\n                break\n>       raise TimeoutException(message, screen, stacktrace)\nE       selenium.common.exceptions.TimeoutException: Message: Элемент не стал видимым: ('xpath', \".//div[@id='accordion__panel-0']/p\")\n\nvenv\\Lib\\site-packages\\selenium\\webdriver\\support\\wait.py:105: TimeoutException","flaky":false,"newFailed":false,"newBroken":false,"newPassed":false,"retriesCount":0,"retriesStatusChange":false,"beforeStages":[{"name":"driver","time":{"start":1703176362522,"stop":1703176369706,"duration":7184},"status":"passed","steps":[],"attachments":[],"parameters":[],"attachmentStep":false,"stepsCount":0,"hasContent":false,"attachmentsCount":0,"shouldDisplayMessage":false}],"testStage":{"status":"broken","statusMessage":"selenium.common.exceptions.TimeoutException: Message: Элемент не стал видимым: ('xpath', \".//div[@id='accordion__panel-0']/p\")","statusTrace":"self = <test.test_main_page.TestSectionQuestionsAboutImportant object at 0x000002096910B750>\ndriver = <selenium.webdriver.firefox.webdriver.WebDriver (session=\"3116a0f7-915e-4452-8ddd-e295287b8c3d\")>\n\n    @allure.title(\"Тест выпадающий список Вопросы о важном 'Сколько это стоит? И как оплатить?'\")\n    def test_how_much_does_it_cost_and_how_to_pay(self, driver):\n        page = MainPageHelper(driver)\n        page.open()\n        page.close_cookie()\n        page.scroll_text_questions_about_important_things()\n        page.wait_for_clickable(MainPageLocators.HOW_MUCH_DOES_IT_COST_AND_HOW_TO_PAY)\n>       text = page.get_text(MainPageLocators.TEXT_HOW_MUCH_DOES_IT_COST_AND_HOW_TO_PAY)\n\ntest\\test_main_page.py:21: \n_ _ _ _ _ _ _ _ _ _ _ _ _ _ _ _ _ _ _ _ _ _ _ _ _ _ _ _ _ _ _ _ _ _ _ _ _ _ _ _ _ _ _ _ _ _ _ _ _ _ _ _ _ _ _ _ _ _ _ _ _ _ _ _ _ _ _ _ _ _ _ _ _ _ _ _ _ _ _ _ _ _ _ _ _ _ _ _ _ _\npages\\base_page.py:68: in get_text\n    element = self.wait_for_visibility(locator, wait_time)\npages\\base_page.py:49: in wait_for_visibility\n    element = WebDriverWait(self.driver, wait_time).until(\n_ _ _ _ _ _ _ _ _ _ _ _ _ _ _ _ _ _ _ _ _ _ _ _ _ _ _ _ _ _ _ _ _ _ _ _ _ _ _ _ _ _ _ _ _ _ _ _ _ _ _ _ _ _ _ _ _ _ _ _ _ _ _ _ _ _ _ _ _ _ _ _ _ _ _ _ _ _ _ _ _ _ _ _ _ _ _ _ _ _\n\nself = <selenium.webdriver.support.wait.WebDriverWait (session=\"3116a0f7-915e-4452-8ddd-e295287b8c3d\")>\nmethod = <function visibility_of_element_located.<locals>._predicate at 0x000002096C0BD440>\nmessage = 'Элемент не стал видимым: (\\'xpath\\', \".//div[@id=\\'accordion__panel-0\\']/p\")'\n\n    def until(self, method: Callable[[D], Union[Literal[False], T]], message: str = \"\") -> T:\n        \"\"\"Calls the method provided with the driver as an argument until the \\\n        return value does not evaluate to ``False``.\n    \n        :param method: callable(WebDriver)\n        :param message: optional message for :exc:`TimeoutException`\n        :returns: the result of the last call to `method`\n        :raises: :exc:`selenium.common.exceptions.TimeoutException` if timeout occurs\n        \"\"\"\n        screen = None\n        stacktrace = None\n    \n        end_time = time.monotonic() + self._timeout\n        while True:\n            try:\n                value = method(self._driver)\n                if value:\n                    return value\n            except self._ignored_exceptions as exc:\n                screen = getattr(exc, \"screen\", None)\n                stacktrace = getattr(exc, \"stacktrace\", None)\n            time.sleep(self._poll)\n            if time.monotonic() > end_time:\n                break\n>       raise TimeoutException(message, screen, stacktrace)\nE       selenium.common.exceptions.TimeoutException: Message: Элемент не стал видимым: ('xpath', \".//div[@id='accordion__panel-0']/p\")\n\nvenv\\Lib\\site-packages\\selenium\\webdriver\\support\\wait.py:105: TimeoutException","steps":[{"name":"Инициируем создание объекта класса BasePage","time":{"start":1703176369706,"stop":1703176369706,"duration":0},"status":"passed","steps":[],"attachments":[],"parameters":[{"name":"driver","value":"<selenium.webdriver.firefox.webdriver.WebDriver (session=\"3116a0f7-915e-4452-8ddd-e295287b8c3d\")>"}],"attachmentStep":false,"stepsCount":0,"hasContent":true,"attachmentsCount":0,"shouldDisplayMessage":false},{"name":"Открыть страницу","time":{"start":1703176369706,"stop":1703176371236,"duration":1530},"status":"passed","steps":[],"attachments":[],"parameters":[],"attachmentStep":false,"stepsCount":0,"hasContent":false,"attachmentsCount":0,"shouldDisplayMessage":false},{"name":"Закрыть куки","time":{"start":1703176371236,"stop":1703176371483,"duration":247},"status":"passed","steps":[],"attachments":[],"parameters":[],"attachmentStep":false,"stepsCount":0,"hasContent":false,"attachmentsCount":0,"shouldDisplayMessage":false},{"name":"Скроллинг страницы до элемента текст 'Вопросы о важном' на главной странице","time":{"start":1703176371483,"stop":1703176371490,"duration":7},"status":"passed","steps":[{"name":"Скроллинг до элемента","time":{"start":1703176371483,"stop":1703176371490,"duration":7},"status":"passed","steps":[{"name":"Найти элемент с ожиданием","time":{"start":1703176371483,"stop":1703176371487,"duration":4},"status":"passed","steps":[],"attachments":[],"parameters":[{"name":"locator","value":"('xpath', \".//div[text()='Вопросы о важном']\")"},{"name":"wait_time","value":"10"}],"attachmentStep":false,"stepsCount":0,"hasContent":true,"attachmentsCount":0,"shouldDisplayMessage":false},{"name":"Выполнить JavaScript-скрипт","time":{"start":1703176371487,"stop":1703176371490,"duration":3},"status":"passed","steps":[],"attachments":[],"parameters":[{"name":"script","value":"'arguments[0].scrollIntoView();'"},{"name":"args","value":"(<selenium.webdriver.remote.webelement.WebElement (session=\"3116a0f7-915e-4452-8ddd-e295287b8c3d\", element=\"9b004f4b-87af-4947-9893-b86af5bfb1e7\")>,)"}],"attachmentStep":false,"stepsCount":0,"hasContent":true,"attachmentsCount":0,"shouldDisplayMessage":false}],"attachments":[],"parameters":[{"name":"locator","value":"('xpath', \".//div[text()='Вопросы о важном']\")"}],"attachmentStep":false,"stepsCount":2,"hasContent":true,"attachmentsCount":0,"shouldDisplayMessage":false}],"attachments":[],"parameters":[],"attachmentStep":false,"stepsCount":3,"hasContent":true,"attachmentsCount":0,"shouldDisplayMessage":false},{"name":"Ожидание кликабельного элемента","time":{"start":1703176371490,"stop":1703176371512,"duration":22},"status":"passed","steps":[],"attachments":[],"parameters":[{"name":"locator","value":"('xpath', \".//div[@id='accordion__heading-0']\")"},{"name":"wait_time","value":"10"}],"attachmentStep":false,"stepsCount":0,"hasContent":true,"attachmentsCount":0,"shouldDisplayMessage":false},{"name":"Получение текста элемента","time":{"start":1703176371512,"stop":1703176381782,"duration":10270},"status":"broken","statusMessage":"selenium.common.exceptions.TimeoutException: Message: Элемент не стал видимым: ('xpath', \".//div[@id='accordion__panel-0']/p\")\n\n","statusTrace":"  File \"C:\\Users\\galli\\Sprint_6\\venv\\Lib\\site-packages\\allure_commons\\_allure.py\", line 192, in impl\n    return func(*a, **kw)\n           ^^^^^^^^^^^^^^\n  File \"C:\\Users\\galli\\Sprint_6\\pages\\base_page.py\", line 68, in get_text\n    element = self.wait_for_visibility(locator, wait_time)\n              ^^^^^^^^^^^^^^^^^^^^^^^^^^^^^^^^^^^^^^^^^^^^\n  File \"C:\\Users\\galli\\Sprint_6\\venv\\Lib\\site-packages\\allure_commons\\_allure.py\", line 192, in impl\n    return func(*a, **kw)\n           ^^^^^^^^^^^^^^\n  File \"C:\\Users\\galli\\Sprint_6\\pages\\base_page.py\", line 49, in wait_for_visibility\n    element = WebDriverWait(self.driver, wait_time).until(\n              ^^^^^^^^^^^^^^^^^^^^^^^^^^^^^^^^^^^^^^^^^^^^\n  File \"C:\\Users\\galli\\Sprint_6\\venv\\Lib\\site-packages\\selenium\\webdriver\\support\\wait.py\", line 105, in until\n    raise TimeoutException(message, screen, stacktrace)\n","steps":[{"name":"Ожидание видимости элемента","time":{"start":1703176371512,"stop":1703176381777,"duration":10265},"status":"broken","statusMessage":"selenium.common.exceptions.TimeoutException: Message: Элемент не стал видимым: ('xpath', \".//div[@id='accordion__panel-0']/p\")\n\n","statusTrace":"  File \"C:\\Users\\galli\\Sprint_6\\venv\\Lib\\site-packages\\allure_commons\\_allure.py\", line 192, in impl\n    return func(*a, **kw)\n           ^^^^^^^^^^^^^^\n  File \"C:\\Users\\galli\\Sprint_6\\pages\\base_page.py\", line 49, in wait_for_visibility\n    element = WebDriverWait(self.driver, wait_time).until(\n              ^^^^^^^^^^^^^^^^^^^^^^^^^^^^^^^^^^^^^^^^^^^^\n  File \"C:\\Users\\galli\\Sprint_6\\venv\\Lib\\site-packages\\selenium\\webdriver\\support\\wait.py\", line 105, in until\n    raise TimeoutException(message, screen, stacktrace)\n","steps":[],"attachments":[],"parameters":[{"name":"locator","value":"('xpath', \".//div[@id='accordion__panel-0']/p\")"},{"name":"wait_time","value":"10"}],"attachmentStep":false,"stepsCount":0,"hasContent":true,"attachmentsCount":0,"shouldDisplayMessage":true}],"attachments":[],"parameters":[{"name":"locator","value":"('xpath', \".//div[@id='accordion__panel-0']/p\")"},{"name":"wait_time","value":"10"}],"attachmentStep":false,"stepsCount":1,"hasContent":true,"attachmentsCount":0,"shouldDisplayMessage":false}],"attachments":[],"parameters":[],"attachmentStep":false,"stepsCount":10,"hasContent":true,"attachmentsCount":0,"shouldDisplayMessage":true},"afterStages":[{"name":"driver::0","time":{"start":1703176381883,"stop":1703176384520,"duration":2637},"status":"passed","steps":[],"attachments":[],"parameters":[],"attachmentStep":false,"stepsCount":0,"hasContent":false,"attachmentsCount":0,"shouldDisplayMessage":false}],"labels":[{"name":"parentSuite","value":"test"},{"name":"suite","value":"test_main_page"},{"name":"subSuite","value":"TestSectionQuestionsAboutImportant"},{"name":"host","value":"LAPTOP-1KK7H688"},{"name":"thread","value":"24924-MainThread"},{"name":"framework","value":"pytest"},{"name":"language","value":"cpython3"},{"name":"package","value":"test.test_main_page"},{"name":"resultFormat","value":"allure2"}],"parameters":[{"name":"driver","value":"'firefox'"}],"links":[],"hidden":false,"retry":false,"extra":{"severity":"normal","retries":[],"categories":[{"name":"Test defects","matchedStatuses":[],"flaky":false}],"tags":[]},"source":"6ef6b5b48812ee1d.json","parameterValues":["'firefox'"]}