{"uid":"c39a81cb70aa27f0","name":"Тест выпадающий список Вопросы о важном 'Сколько это стоит? И как оплатить?'","fullName":"test.test_main_page.TestSectionQuestionsAboutImportant#test_how_much_does_it_cost_and_how_to_pay","historyId":"52352dc1e26d51cb9bae57cad029909e","time":{"start":1703176387257,"stop":1703176399064,"duration":11807},"status":"broken","statusMessage":"selenium.common.exceptions.TimeoutException: Message: Элемент не стал видимым: ('xpath', \".//div[@id='accordion__panel-0']/p\")","statusTrace":"self = <test.test_main_page.TestSectionQuestionsAboutImportant object at 0x000002096C05B050>\ndriver = <selenium.webdriver.chrome.webdriver.WebDriver (session=\"3a2b94930b686c1bb7cf2c9569c5f06a\")>\n\n    @allure.title(\"Тест выпадающий список Вопросы о важном 'Сколько это стоит? И как оплатить?'\")\n    def test_how_much_does_it_cost_and_how_to_pay(self, driver):\n        page = MainPageHelper(driver)\n        page.open()\n        page.close_cookie()\n        page.scroll_text_questions_about_important_things()\n        page.wait_for_clickable(MainPageLocators.HOW_MUCH_DOES_IT_COST_AND_HOW_TO_PAY)\n>       text = page.get_text(MainPageLocators.TEXT_HOW_MUCH_DOES_IT_COST_AND_HOW_TO_PAY)\n\ntest\\test_main_page.py:21: \n_ _ _ _ _ _ _ _ _ _ _ _ _ _ _ _ _ _ _ _ _ _ _ _ _ _ _ _ _ _ _ _ _ _ _ _ _ _ _ _ _ _ _ _ _ _ _ _ _ _ _ _ _ _ _ _ _ _ _ _ _ _ _ _ _ _ _ _ _ _ _ _ _ _ _ _ _ _ _ _ _ _ _ _ _ _ _ _ _ _\npages\\base_page.py:68: in get_text\n    element = self.wait_for_visibility(locator, wait_time)\npages\\base_page.py:49: in wait_for_visibility\n    element = WebDriverWait(self.driver, wait_time).until(\n_ _ _ _ _ _ _ _ _ _ _ _ _ _ _ _ _ _ _ _ _ _ _ _ _ _ _ _ _ _ _ _ _ _ _ _ _ _ _ _ _ _ _ _ _ _ _ _ _ _ _ _ _ _ _ _ _ _ _ _ _ _ _ _ _ _ _ _ _ _ _ _ _ _ _ _ _ _ _ _ _ _ _ _ _ _ _ _ _ _\n\nself = <selenium.webdriver.support.wait.WebDriverWait (session=\"3a2b94930b686c1bb7cf2c9569c5f06a\")>\nmethod = <function visibility_of_element_located.<locals>._predicate at 0x000002096C158360>\nmessage = 'Элемент не стал видимым: (\\'xpath\\', \".//div[@id=\\'accordion__panel-0\\']/p\")'\n\n    def until(self, method: Callable[[D], Union[Literal[False], T]], message: str = \"\") -> T:\n        \"\"\"Calls the method provided with the driver as an argument until the \\\n        return value does not evaluate to ``False``.\n    \n        :param method: callable(WebDriver)\n        :param message: optional message for :exc:`TimeoutException`\n        :returns: the result of the last call to `method`\n        :raises: :exc:`selenium.common.exceptions.TimeoutException` if timeout occurs\n        \"\"\"\n        screen = None\n        stacktrace = None\n    \n        end_time = time.monotonic() + self._timeout\n        while True:\n            try:\n                value = method(self._driver)\n                if value:\n                    return value\n            except self._ignored_exceptions as exc:\n                screen = getattr(exc, \"screen\", None)\n                stacktrace = getattr(exc, \"stacktrace\", None)\n            time.sleep(self._poll)\n            if time.monotonic() > end_time:\n                break\n>       raise TimeoutException(message, screen, stacktrace)\nE       selenium.common.exceptions.TimeoutException: Message: Элемент не стал видимым: ('xpath', \".//div[@id='accordion__panel-0']/p\")\n\nvenv\\Lib\\site-packages\\selenium\\webdriver\\support\\wait.py:105: TimeoutException","flaky":false,"newFailed":false,"newBroken":false,"newPassed":false,"retriesCount":0,"retriesStatusChange":false,"beforeStages":[{"name":"driver","time":{"start":1703176384523,"stop":1703176387257,"duration":2734},"status":"passed","steps":[],"attachments":[],"parameters":[],"attachmentStep":false,"stepsCount":0,"hasContent":false,"attachmentsCount":0,"shouldDisplayMessage":false}],"testStage":{"status":"broken","statusMessage":"selenium.common.exceptions.TimeoutException: Message: Элемент не стал видимым: ('xpath', \".//div[@id='accordion__panel-0']/p\")","statusTrace":"self = <test.test_main_page.TestSectionQuestionsAboutImportant object at 0x000002096C05B050>\ndriver = <selenium.webdriver.chrome.webdriver.WebDriver (session=\"3a2b94930b686c1bb7cf2c9569c5f06a\")>\n\n    @allure.title(\"Тест выпадающий список Вопросы о важном 'Сколько это стоит? И как оплатить?'\")\n    def test_how_much_does_it_cost_and_how_to_pay(self, driver):\n        page = MainPageHelper(driver)\n        page.open()\n        page.close_cookie()\n        page.scroll_text_questions_about_important_things()\n        page.wait_for_clickable(MainPageLocators.HOW_MUCH_DOES_IT_COST_AND_HOW_TO_PAY)\n>       text = page.get_text(MainPageLocators.TEXT_HOW_MUCH_DOES_IT_COST_AND_HOW_TO_PAY)\n\ntest\\test_main_page.py:21: \n_ _ _ _ _ _ _ _ _ _ _ _ _ _ _ _ _ _ _ _ _ _ _ _ _ _ _ _ _ _ _ _ _ _ _ _ _ _ _ _ _ _ _ _ _ _ _ _ _ _ _ _ _ _ _ _ _ _ _ _ _ _ _ _ _ _ _ _ _ _ _ _ _ _ _ _ _ _ _ _ _ _ _ _ _ _ _ _ _ _\npages\\base_page.py:68: in get_text\n    element = self.wait_for_visibility(locator, wait_time)\npages\\base_page.py:49: in wait_for_visibility\n    element = WebDriverWait(self.driver, wait_time).until(\n_ _ _ _ _ _ _ _ _ _ _ _ _ _ _ _ _ _ _ _ _ _ _ _ _ _ _ _ _ _ _ _ _ _ _ _ _ _ _ _ _ _ _ _ _ _ _ _ _ _ _ _ _ _ _ _ _ _ _ _ _ _ _ _ _ _ _ _ _ _ _ _ _ _ _ _ _ _ _ _ _ _ _ _ _ _ _ _ _ _\n\nself = <selenium.webdriver.support.wait.WebDriverWait (session=\"3a2b94930b686c1bb7cf2c9569c5f06a\")>\nmethod = <function visibility_of_element_located.<locals>._predicate at 0x000002096C158360>\nmessage = 'Элемент не стал видимым: (\\'xpath\\', \".//div[@id=\\'accordion__panel-0\\']/p\")'\n\n    def until(self, method: Callable[[D], Union[Literal[False], T]], message: str = \"\") -> T:\n        \"\"\"Calls the method provided with the driver as an argument until the \\\n        return value does not evaluate to ``False``.\n    \n        :param method: callable(WebDriver)\n        :param message: optional message for :exc:`TimeoutException`\n        :returns: the result of the last call to `method`\n        :raises: :exc:`selenium.common.exceptions.TimeoutException` if timeout occurs\n        \"\"\"\n        screen = None\n        stacktrace = None\n    \n        end_time = time.monotonic() + self._timeout\n        while True:\n            try:\n                value = method(self._driver)\n                if value:\n                    return value\n            except self._ignored_exceptions as exc:\n                screen = getattr(exc, \"screen\", None)\n                stacktrace = getattr(exc, \"stacktrace\", None)\n            time.sleep(self._poll)\n            if time.monotonic() > end_time:\n                break\n>       raise TimeoutException(message, screen, stacktrace)\nE       selenium.common.exceptions.TimeoutException: Message: Элемент не стал видимым: ('xpath', \".//div[@id='accordion__panel-0']/p\")\n\nvenv\\Lib\\site-packages\\selenium\\webdriver\\support\\wait.py:105: TimeoutException","steps":[{"name":"Инициируем создание объекта класса BasePage","time":{"start":1703176387257,"stop":1703176387257,"duration":0},"status":"passed","steps":[],"attachments":[],"parameters":[{"name":"driver","value":"<selenium.webdriver.chrome.webdriver.WebDriver (session=\"3a2b94930b686c1bb7cf2c9569c5f06a\")>"}],"attachmentStep":false,"stepsCount":0,"hasContent":true,"attachmentsCount":0,"shouldDisplayMessage":false},{"name":"Открыть страницу","time":{"start":1703176387257,"stop":1703176388563,"duration":1306},"status":"passed","steps":[],"attachments":[],"parameters":[],"attachmentStep":false,"stepsCount":0,"hasContent":false,"attachmentsCount":0,"shouldDisplayMessage":false},{"name":"Закрыть куки","time":{"start":1703176388563,"stop":1703176388644,"duration":81},"status":"passed","steps":[],"attachments":[],"parameters":[],"attachmentStep":false,"stepsCount":0,"hasContent":false,"attachmentsCount":0,"shouldDisplayMessage":false},{"name":"Скроллинг страницы до элемента текст 'Вопросы о важном' на главной странице","time":{"start":1703176388644,"stop":1703176388658,"duration":14},"status":"passed","steps":[{"name":"Скроллинг до элемента","time":{"start":1703176388644,"stop":1703176388658,"duration":14},"status":"passed","steps":[{"name":"Найти элемент с ожиданием","time":{"start":1703176388644,"stop":1703176388653,"duration":9},"status":"passed","steps":[],"attachments":[],"parameters":[{"name":"locator","value":"('xpath', \".//div[text()='Вопросы о важном']\")"},{"name":"wait_time","value":"10"}],"attachmentStep":false,"stepsCount":0,"hasContent":true,"attachmentsCount":0,"shouldDisplayMessage":false},{"name":"Выполнить JavaScript-скрипт","time":{"start":1703176388653,"stop":1703176388658,"duration":5},"status":"passed","steps":[],"attachments":[],"parameters":[{"name":"script","value":"'arguments[0].scrollIntoView();'"},{"name":"args","value":"(<selenium.webdriver.remote.webelement.WebElement (session=\"3a2b94930b686c1bb7cf2c9569c5f06a\", element=\"BBE7B2F62182E33782BC29A351B4484E_element_15\")>,)"}],"attachmentStep":false,"stepsCount":0,"hasContent":true,"attachmentsCount":0,"shouldDisplayMessage":false}],"attachments":[],"parameters":[{"name":"locator","value":"('xpath', \".//div[text()='Вопросы о важном']\")"}],"attachmentStep":false,"stepsCount":2,"hasContent":true,"attachmentsCount":0,"shouldDisplayMessage":false}],"attachments":[],"parameters":[],"attachmentStep":false,"stepsCount":3,"hasContent":true,"attachmentsCount":0,"shouldDisplayMessage":false},{"name":"Ожидание кликабельного элемента","time":{"start":1703176388658,"stop":1703176388696,"duration":38},"status":"passed","steps":[],"attachments":[],"parameters":[{"name":"locator","value":"('xpath', \".//div[@id='accordion__heading-0']\")"},{"name":"wait_time","value":"10"}],"attachmentStep":false,"stepsCount":0,"hasContent":true,"attachmentsCount":0,"shouldDisplayMessage":false},{"name":"Получение текста элемента","time":{"start":1703176388696,"stop":1703176399063,"duration":10367},"status":"broken","statusMessage":"selenium.common.exceptions.TimeoutException: Message: Элемент не стал видимым: ('xpath', \".//div[@id='accordion__panel-0']/p\")\n\n","statusTrace":"  File \"C:\\Users\\galli\\Sprint_6\\venv\\Lib\\site-packages\\allure_commons\\_allure.py\", line 192, in impl\n    return func(*a, **kw)\n           ^^^^^^^^^^^^^^\n  File \"C:\\Users\\galli\\Sprint_6\\pages\\base_page.py\", line 68, in get_text\n    element = self.wait_for_visibility(locator, wait_time)\n              ^^^^^^^^^^^^^^^^^^^^^^^^^^^^^^^^^^^^^^^^^^^^\n  File \"C:\\Users\\galli\\Sprint_6\\venv\\Lib\\site-packages\\allure_commons\\_allure.py\", line 192, in impl\n    return func(*a, **kw)\n           ^^^^^^^^^^^^^^\n  File \"C:\\Users\\galli\\Sprint_6\\pages\\base_page.py\", line 49, in wait_for_visibility\n    element = WebDriverWait(self.driver, wait_time).until(\n              ^^^^^^^^^^^^^^^^^^^^^^^^^^^^^^^^^^^^^^^^^^^^\n  File \"C:\\Users\\galli\\Sprint_6\\venv\\Lib\\site-packages\\selenium\\webdriver\\support\\wait.py\", line 105, in until\n    raise TimeoutException(message, screen, stacktrace)\n","steps":[{"name":"Ожидание видимости элемента","time":{"start":1703176388696,"stop":1703176399061,"duration":10365},"status":"broken","statusMessage":"selenium.common.exceptions.TimeoutException: Message: Элемент не стал видимым: ('xpath', \".//div[@id='accordion__panel-0']/p\")\n\n","statusTrace":"  File \"C:\\Users\\galli\\Sprint_6\\venv\\Lib\\site-packages\\allure_commons\\_allure.py\", line 192, in impl\n    return func(*a, **kw)\n           ^^^^^^^^^^^^^^\n  File \"C:\\Users\\galli\\Sprint_6\\pages\\base_page.py\", line 49, in wait_for_visibility\n    element = WebDriverWait(self.driver, wait_time).until(\n              ^^^^^^^^^^^^^^^^^^^^^^^^^^^^^^^^^^^^^^^^^^^^\n  File \"C:\\Users\\galli\\Sprint_6\\venv\\Lib\\site-packages\\selenium\\webdriver\\support\\wait.py\", line 105, in until\n    raise TimeoutException(message, screen, stacktrace)\n","steps":[],"attachments":[],"parameters":[{"name":"locator","value":"('xpath', \".//div[@id='accordion__panel-0']/p\")"},{"name":"wait_time","value":"10"}],"attachmentStep":false,"stepsCount":0,"hasContent":true,"attachmentsCount":0,"shouldDisplayMessage":true}],"attachments":[],"parameters":[{"name":"locator","value":"('xpath', \".//div[@id='accordion__panel-0']/p\")"},{"name":"wait_time","value":"10"}],"attachmentStep":false,"stepsCount":1,"hasContent":true,"attachmentsCount":0,"shouldDisplayMessage":false}],"attachments":[],"parameters":[],"attachmentStep":false,"stepsCount":10,"hasContent":true,"attachmentsCount":0,"shouldDisplayMessage":true},"afterStages":[{"name":"driver::0","time":{"start":1703176399081,"stop":1703176401167,"duration":2086},"status":"passed","steps":[],"attachments":[],"parameters":[],"attachmentStep":false,"stepsCount":0,"hasContent":false,"attachmentsCount":0,"shouldDisplayMessage":false}],"labels":[{"name":"parentSuite","value":"test"},{"name":"suite","value":"test_main_page"},{"name":"subSuite","value":"TestSectionQuestionsAboutImportant"},{"name":"host","value":"LAPTOP-1KK7H688"},{"name":"thread","value":"24924-MainThread"},{"name":"framework","value":"pytest"},{"name":"language","value":"cpython3"},{"name":"package","value":"test.test_main_page"},{"name":"resultFormat","value":"allure2"}],"parameters":[{"name":"driver","value":"'chrome'"}],"links":[],"hidden":false,"retry":false,"extra":{"severity":"normal","retries":[],"categories":[{"name":"Test defects","matchedStatuses":[],"flaky":false}],"tags":[]},"source":"c39a81cb70aa27f0.json","parameterValues":["'chrome'"]}